{"C:\\TQ ChatBot Task\\src\\lib\\edgeClient.ts": {"path":"C:\\TQ ChatBot Task\\src\\lib\\edgeClient.ts","statementMap":{"0":{"start":{"line":15,"column":2},"end":{"line":15,"column":null}},"1":{"start":{"line":19,"column":2},"end":{"line":19,"column":null}},"2":{"start":{"line":99,"column":14},"end":{"line":99,"column":null}},"3":{"start":{"line":100,"column":2},"end":{"line":103,"column":null}},"4":{"start":{"line":102,"column":4},"end":{"line":102,"column":null}},"5":{"start":{"line":105,"column":21},"end":{"line":105,"column":null}},"6":{"start":{"line":106,"column":20},"end":{"line":106,"column":null}},"7":{"start":{"line":106,"column":37},"end":{"line":106,"column":57}},"8":{"start":{"line":108,"column":2},"end":{"line":136,"column":null}},"9":{"start":{"line":109,"column":21},"end":{"line":117,"column":null}},"10":{"start":{"line":119,"column":4},"end":{"line":119,"column":null}},"11":{"start":{"line":121,"column":4},"end":{"line":124,"column":null}},"12":{"start":{"line":122,"column":6},"end":{"line":122,"column":null}},"13":{"start":{"line":123,"column":6},"end":{"line":123,"column":null}},"14":{"start":{"line":126,"column":4},"end":{"line":126,"column":null}},"15":{"start":{"line":128,"column":4},"end":{"line":128,"column":null}},"16":{"start":{"line":130,"column":4},"end":{"line":134,"column":null}},"17":{"start":{"line":131,"column":6},"end":{"line":131,"column":null}},"18":{"start":{"line":133,"column":6},"end":{"line":133,"column":null}},"19":{"start":{"line":135,"column":4},"end":{"line":135,"column":null}},"20":{"start":{"line":147,"column":17},"end":{"line":151,"column":null}},"21":{"start":{"line":152,"column":2},"end":{"line":152,"column":null}},"22":{"start":{"line":165,"column":17},"end":{"line":171,"column":null}},"23":{"start":{"line":172,"column":2},"end":{"line":172,"column":null}},"24":{"start":{"line":172,"column":24},"end":{"line":172,"column":null}},"25":{"start":{"line":173,"column":2},"end":{"line":173,"column":null}},"26":{"start":{"line":190,"column":17},"end":{"line":200,"column":null}},"27":{"start":{"line":201,"column":2},"end":{"line":201,"column":null}},"28":{"start":{"line":201,"column":21},"end":{"line":201,"column":null}},"29":{"start":{"line":202,"column":2},"end":{"line":202,"column":null}},"30":{"start":{"line":216,"column":17},"end":{"line":223,"column":null}},"31":{"start":{"line":224,"column":2},"end":{"line":224,"column":null}},"32":{"start":{"line":251,"column":17},"end":{"line":260,"column":null}},"33":{"start":{"line":261,"column":2},"end":{"line":261,"column":null}},"34":{"start":{"line":261,"column":15},"end":{"line":261,"column":null}},"35":{"start":{"line":262,"column":2},"end":{"line":266,"column":null}},"36":{"start":{"line":274,"column":14},"end":{"line":274,"column":null}},"37":{"start":{"line":275,"column":2},"end":{"line":275,"column":null}},"38":{"start":{"line":275,"column":48},"end":{"line":275,"column":null}},"39":{"start":{"line":276,"column":2},"end":{"line":284,"column":null}},"40":{"start":{"line":277,"column":21},"end":{"line":280,"column":null}},"41":{"start":{"line":281,"column":4},"end":{"line":281,"column":null}},"42":{"start":{"line":283,"column":4},"end":{"line":283,"column":null}}},"fnMap":{"0":{"name":"getSupabaseUrl","decl":{"start":{"line":14,"column":9},"end":{"line":14,"column":34}},"loc":{"start":{"line":14,"column":34},"end":{"line":16,"column":null}},"line":14},"1":{"name":"getAnonKey","decl":{"start":{"line":18,"column":9},"end":{"line":18,"column":30}},"loc":{"start":{"line":18,"column":30},"end":{"line":20,"column":null}},"line":18},"2":{"name":"callChatApi","decl":{"start":{"line":98,"column":15},"end":{"line":98,"column":27}},"loc":{"start":{"line":98,"column":79},"end":{"line":137,"column":null}},"line":98},"3":{"name":"(anonymous_3)","decl":{"start":{"line":106,"column":20},"end":{"line":106,"column":37}},"loc":{"start":{"line":106,"column":37},"end":{"line":106,"column":57}},"line":106},"4":{"name":"edgeCreateSession","decl":{"start":{"line":143,"column":22},"end":{"line":143,"column":null}},"loc":{"start":{"line":146,"column":31},"end":{"line":153,"column":null}},"line":146},"5":{"name":"edgeCreateMessage","decl":{"start":{"line":159,"column":22},"end":{"line":159,"column":null}},"loc":{"start":{"line":164,"column":64},"end":{"line":174,"column":null}},"line":164},"6":{"name":"edgeCreateLead","decl":{"start":{"line":180,"column":22},"end":{"line":180,"column":null}},"loc":{"start":{"line":189,"column":52},"end":{"line":203,"column":null}},"line":189},"7":{"name":"edgeRecordEvent","decl":{"start":{"line":209,"column":22},"end":{"line":209,"column":null}},"loc":{"start":{"line":215,"column":31},"end":{"line":225,"column":null}},"line":215},"8":{"name":"edgeProcessMessage","decl":{"start":{"line":235,"column":22},"end":{"line":235,"column":null}},"loc":{"start":{"line":250,"column":42},"end":{"line":267,"column":null}},"line":250},"9":{"name":"isEdgeAvailable","decl":{"start":{"line":273,"column":22},"end":{"line":273,"column":58}},"loc":{"start":{"line":273,"column":58},"end":{"line":285,"column":null}},"line":273}},"branchMap":{"0":{"loc":{"start":{"line":15,"column":9},"end":{"line":15,"column":null}},"type":"binary-expr","locations":[{"start":{"line":15,"column":9},"end":{"line":15,"column":46}},{"start":{"line":15,"column":46},"end":{"line":15,"column":null}}],"line":15},"1":{"loc":{"start":{"line":19,"column":9},"end":{"line":19,"column":null}},"type":"binary-expr","locations":[{"start":{"line":19,"column":9},"end":{"line":19,"column":51}},{"start":{"line":19,"column":51},"end":{"line":19,"column":null}}],"line":19},"2":{"loc":{"start":{"line":100,"column":2},"end":{"line":103,"column":null}},"type":"if","locations":[{"start":{"line":100,"column":2},"end":{"line":103,"column":null}},{"start":{},"end":{}}],"line":100},"3":{"loc":{"start":{"line":100,"column":6},"end":{"line":100,"column":48}},"type":"binary-expr","locations":[{"start":{"line":100,"column":6},"end":{"line":100,"column":14}},{"start":{"line":100,"column":14},"end":{"line":100,"column":48}}],"line":100},"4":{"loc":{"start":{"line":121,"column":4},"end":{"line":124,"column":null}},"type":"if","locations":[{"start":{"line":121,"column":4},"end":{"line":124,"column":null}},{"start":{},"end":{}}],"line":121},"5":{"loc":{"start":{"line":130,"column":4},"end":{"line":134,"column":null}},"type":"if","locations":[{"start":{"line":130,"column":4},"end":{"line":134,"column":null}},{"start":{"line":132,"column":11},"end":{"line":134,"column":null}}],"line":130},"6":{"loc":{"start":{"line":130,"column":8},"end":{"line":130,"column":66}},"type":"binary-expr","locations":[{"start":{"line":130,"column":8},"end":{"line":130,"column":39}},{"start":{"line":130,"column":39},"end":{"line":130,"column":66}}],"line":130},"7":{"loc":{"start":{"line":152,"column":9},"end":{"line":152,"column":null}},"type":"binary-expr","locations":[{"start":{"line":152,"column":9},"end":{"line":152,"column":28}},{"start":{"line":152,"column":28},"end":{"line":152,"column":null}}],"line":152},"8":{"loc":{"start":{"line":172,"column":2},"end":{"line":172,"column":null}},"type":"if","locations":[{"start":{"line":172,"column":2},"end":{"line":172,"column":null}},{"start":{},"end":{}}],"line":172},"9":{"loc":{"start":{"line":173,"column":47},"end":{"line":173,"column":73}},"type":"binary-expr","locations":[{"start":{"line":173,"column":47},"end":{"line":173,"column":67}},{"start":{"line":173,"column":67},"end":{"line":173,"column":73}}],"line":173},"10":{"loc":{"start":{"line":201,"column":2},"end":{"line":201,"column":null}},"type":"if","locations":[{"start":{"line":201,"column":2},"end":{"line":201,"column":null}},{"start":{},"end":{}}],"line":201},"11":{"loc":{"start":{"line":202,"column":39},"end":{"line":202,"column":63}},"type":"binary-expr","locations":[{"start":{"line":202,"column":39},"end":{"line":202,"column":57}},{"start":{"line":202,"column":57},"end":{"line":202,"column":63}}],"line":202},"12":{"loc":{"start":{"line":224,"column":9},"end":{"line":224,"column":null}},"type":"binary-expr","locations":[{"start":{"line":224,"column":9},"end":{"line":224,"column":26}},{"start":{"line":224,"column":26},"end":{"line":224,"column":null}}],"line":224},"13":{"loc":{"start":{"line":261,"column":2},"end":{"line":261,"column":null}},"type":"if","locations":[{"start":{"line":261,"column":2},"end":{"line":261,"column":null}},{"start":{},"end":{}}],"line":261},"14":{"loc":{"start":{"line":263,"column":20},"end":{"line":263,"column":null}},"type":"binary-expr","locations":[{"start":{"line":263,"column":20},"end":{"line":263,"column":45}},{"start":{"line":263,"column":45},"end":{"line":263,"column":null}}],"line":263},"15":{"loc":{"start":{"line":264,"column":23},"end":{"line":264,"column":null}},"type":"binary-expr","locations":[{"start":{"line":264,"column":23},"end":{"line":264,"column":51}},{"start":{"line":264,"column":51},"end":{"line":264,"column":null}}],"line":264},"16":{"loc":{"start":{"line":265,"column":22},"end":{"line":265,"column":null}},"type":"binary-expr","locations":[{"start":{"line":265,"column":22},"end":{"line":265,"column":49}},{"start":{"line":265,"column":49},"end":{"line":265,"column":null}}],"line":265},"17":{"loc":{"start":{"line":275,"column":2},"end":{"line":275,"column":null}},"type":"if","locations":[{"start":{"line":275,"column":2},"end":{"line":275,"column":null}},{"start":{},"end":{}}],"line":275},"18":{"loc":{"start":{"line":275,"column":6},"end":{"line":275,"column":48}},"type":"binary-expr","locations":[{"start":{"line":275,"column":6},"end":{"line":275,"column":14}},{"start":{"line":275,"column":14},"end":{"line":275,"column":48}}],"line":275}},"s":{"0":18,"1":16,"2":18,"3":18,"4":2,"5":16,"6":16,"7":0,"8":16,"9":16,"10":15,"11":15,"12":2,"13":2,"14":13,"15":1,"16":1,"17":0,"18":1,"19":1,"20":8,"21":8,"22":3,"23":3,"24":0,"25":3,"26":3,"27":3,"28":0,"29":3,"30":3,"31":3,"32":1,"33":1,"34":1,"35":0,"36":0,"37":0,"38":0,"39":0,"40":0,"41":0,"42":0},"f":{"0":18,"1":16,"2":18,"3":0,"4":8,"5":3,"6":3,"7":3,"8":1,"9":0},"b":{"0":[18,1],"1":[16,0],"2":[2,16],"3":[18,17],"4":[2,13],"5":[0,1],"6":[1,0],"7":[8,4],"8":[0,3],"9":[3,2],"10":[0,3],"11":[3,3],"12":[3,0],"13":[1,0],"14":[0,0],"15":[1,0],"16":[1,0],"17":[0,0],"18":[0,0]},"meta":{"lastBranch":19,"lastFunction":10,"lastStatement":43,"seen":{"f:14:9:14:34":0,"s:15:2:15:Infinity":0,"b:15:9:15:46:15:46:15:Infinity":0,"f:18:9:18:30":1,"s:19:2:19:Infinity":1,"b:19:9:19:51:19:51:19:Infinity":1,"f:98:15:98:27":2,"s:99:14:99:Infinity":2,"b:100:2:103:Infinity:undefined:undefined:undefined:undefined":2,"s:100:2:103:Infinity":3,"b:100:6:100:14:100:14:100:48":3,"s:102:4:102:Infinity":4,"s:105:21:105:Infinity":5,"s:106:20:106:Infinity":6,"f:106:20:106:37":3,"s:106:37:106:57":7,"s:108:2:136:Infinity":8,"s:109:21:117:Infinity":9,"s:119:4:119:Infinity":10,"b:121:4:124:Infinity:undefined:undefined:undefined:undefined":4,"s:121:4:124:Infinity":11,"s:122:6:122:Infinity":12,"s:123:6:123:Infinity":13,"s:126:4:126:Infinity":14,"s:128:4:128:Infinity":15,"b:130:4:134:Infinity:132:11:134:Infinity":5,"s:130:4:134:Infinity":16,"b:130:8:130:39:130:39:130:66":6,"s:131:6:131:Infinity":17,"s:133:6:133:Infinity":18,"s:135:4:135:Infinity":19,"f:143:22:143:Infinity":4,"s:147:17:151:Infinity":20,"s:152:2:152:Infinity":21,"b:152:9:152:28:152:28:152:Infinity":7,"f:159:22:159:Infinity":5,"s:165:17:171:Infinity":22,"b:172:2:172:Infinity:undefined:undefined:undefined:undefined":8,"s:172:2:172:Infinity":23,"s:172:24:172:Infinity":24,"s:173:2:173:Infinity":25,"b:173:47:173:67:173:67:173:73":9,"f:180:22:180:Infinity":6,"s:190:17:200:Infinity":26,"b:201:2:201:Infinity:undefined:undefined:undefined:undefined":10,"s:201:2:201:Infinity":27,"s:201:21:201:Infinity":28,"s:202:2:202:Infinity":29,"b:202:39:202:57:202:57:202:63":11,"f:209:22:209:Infinity":7,"s:216:17:223:Infinity":30,"s:224:2:224:Infinity":31,"b:224:9:224:26:224:26:224:Infinity":12,"f:235:22:235:Infinity":8,"s:251:17:260:Infinity":32,"b:261:2:261:Infinity:undefined:undefined:undefined:undefined":13,"s:261:2:261:Infinity":33,"s:261:15:261:Infinity":34,"s:262:2:266:Infinity":35,"b:263:20:263:45:263:45:263:Infinity":14,"b:264:23:264:51:264:51:264:Infinity":15,"b:265:22:265:49:265:49:265:Infinity":16,"f:273:22:273:58":9,"s:274:14:274:Infinity":36,"b:275:2:275:Infinity:undefined:undefined:undefined:undefined":17,"s:275:2:275:Infinity":37,"b:275:6:275:14:275:14:275:48":18,"s:275:48:275:Infinity":38,"s:276:2:284:Infinity":39,"s:277:21:280:Infinity":40,"s:281:4:281:Infinity":41,"s:283:4:283:Infinity":42},"fnNames":{}}}
,"C:\\TQ ChatBot Task\\src\\lib\\idempotency.ts": {"path":"C:\\TQ ChatBot Task\\src\\lib\\idempotency.ts","statementMap":{"0":{"start":{"line":14,"column":2},"end":{"line":14,"column":null}},"1":{"start":{"line":26,"column":17},"end":{"line":26,"column":null}},"2":{"start":{"line":27,"column":32},"end":{"line":27,"column":null}},"3":{"start":{"line":30,"column":4},"end":{"line":30,"column":null}},"4":{"start":{"line":35,"column":4},"end":{"line":38,"column":null}},"5":{"start":{"line":36,"column":20},"end":{"line":36,"column":null}},"6":{"start":{"line":37,"column":6},"end":{"line":37,"column":null}},"7":{"start":{"line":37,"column":31},"end":{"line":37,"column":null}},"8":{"start":{"line":39,"column":4},"end":{"line":39,"column":null}},"9":{"start":{"line":43,"column":4},"end":{"line":43,"column":null}},"10":{"start":{"line":47,"column":34},"end":{"line":47,"column":null}},"11":{"start":{"line":62,"column":26},"end":{"line":62,"column":null}},"12":{"start":{"line":63,"column":24},"end":{"line":63,"column":null}},"13":{"start":{"line":79,"column":2},"end":{"line":79,"column":null}},"14":{"start":{"line":79,"column":23},"end":{"line":79,"column":null}},"15":{"start":{"line":82,"column":2},"end":{"line":82,"column":null}},"16":{"start":{"line":82,"column":27},"end":{"line":82,"column":null}},"17":{"start":{"line":84,"column":14},"end":{"line":84,"column":null}},"18":{"start":{"line":85,"column":20},"end":{"line":85,"column":null}},"19":{"start":{"line":87,"column":2},"end":{"line":89,"column":null}},"20":{"start":{"line":88,"column":4},"end":{"line":88,"column":null}},"21":{"start":{"line":91,"column":2},"end":{"line":91,"column":null}},"22":{"start":{"line":92,"column":2},"end":{"line":92,"column":null}},"23":{"start":{"line":100,"column":18},"end":{"line":100,"column":null}},"24":{"start":{"line":102,"column":2},"end":{"line":102,"column":null}},"25":{"start":{"line":102,"column":26},"end":{"line":102,"column":null}},"26":{"start":{"line":104,"column":2},"end":{"line":104,"column":null}},"27":{"start":{"line":104,"column":36},"end":{"line":104,"column":null}},"28":{"start":{"line":106,"column":2},"end":{"line":106,"column":null}},"29":{"start":{"line":106,"column":35},"end":{"line":106,"column":null}},"30":{"start":{"line":107,"column":2},"end":{"line":107,"column":null}},"31":{"start":{"line":114,"column":2},"end":{"line":114,"column":null}}},"fnMap":{"0":{"name":"makeIdempotencyKey","decl":{"start":{"line":11,"column":16},"end":{"line":11,"column":35}},"loc":{"start":{"line":11,"column":93},"end":{"line":15,"column":null}},"line":11},"1":{"name":"has","decl":{"start":{"line":29,"column":2},"end":{"line":29,"column":6}},"loc":{"start":{"line":29,"column":28},"end":{"line":31,"column":null}},"line":29},"2":{"name":"add","decl":{"start":{"line":33,"column":2},"end":{"line":33,"column":6}},"loc":{"start":{"line":33,"column":25},"end":{"line":40,"column":null}},"line":33},"3":{"name":"reset","decl":{"start":{"line":42,"column":2},"end":{"line":42,"column":16}},"loc":{"start":{"line":42,"column":16},"end":{"line":44,"column":null}},"line":42},"4":{"name":"shouldSuppressAlert","decl":{"start":{"line":77,"column":16},"end":{"line":77,"column":36}},"loc":{"start":{"line":77,"column":93},"end":{"line":93,"column":null}},"line":77},"5":{"name":"isSpamSubmission","decl":{"start":{"line":99,"column":16},"end":{"line":99,"column":33}},"loc":{"start":{"line":99,"column":59},"end":{"line":108,"column":null}},"line":99},"6":{"name":"resetSuppression","decl":{"start":{"line":113,"column":16},"end":{"line":113,"column":41}},"loc":{"start":{"line":113,"column":41},"end":{"line":115,"column":null}},"line":113}},"branchMap":{"0":{"loc":{"start":{"line":35,"column":4},"end":{"line":38,"column":null}},"type":"if","locations":[{"start":{"line":35,"column":4},"end":{"line":38,"column":null}},{"start":{},"end":{}}],"line":35},"1":{"loc":{"start":{"line":37,"column":6},"end":{"line":37,"column":null}},"type":"if","locations":[{"start":{"line":37,"column":6},"end":{"line":37,"column":null}},{"start":{},"end":{}}],"line":37},"2":{"loc":{"start":{"line":79,"column":2},"end":{"line":79,"column":null}},"type":"if","locations":[{"start":{"line":79,"column":2},"end":{"line":79,"column":null}},{"start":{},"end":{}}],"line":79},"3":{"loc":{"start":{"line":82,"column":2},"end":{"line":82,"column":null}},"type":"if","locations":[{"start":{"line":82,"column":2},"end":{"line":82,"column":null}},{"start":{},"end":{}}],"line":82},"4":{"loc":{"start":{"line":87,"column":2},"end":{"line":89,"column":null}},"type":"if","locations":[{"start":{"line":87,"column":2},"end":{"line":89,"column":null}},{"start":{},"end":{}}],"line":87},"5":{"loc":{"start":{"line":87,"column":6},"end":{"line":87,"column":70}},"type":"binary-expr","locations":[{"start":{"line":87,"column":6},"end":{"line":87,"column":33}},{"start":{"line":87,"column":33},"end":{"line":87,"column":70}}],"line":87},"6":{"loc":{"start":{"line":102,"column":2},"end":{"line":102,"column":null}},"type":"if","locations":[{"start":{"line":102,"column":2},"end":{"line":102,"column":null}},{"start":{},"end":{}}],"line":102},"7":{"loc":{"start":{"line":104,"column":2},"end":{"line":104,"column":null}},"type":"if","locations":[{"start":{"line":104,"column":2},"end":{"line":104,"column":null}},{"start":{},"end":{}}],"line":104},"8":{"loc":{"start":{"line":106,"column":2},"end":{"line":106,"column":null}},"type":"if","locations":[{"start":{"line":106,"column":2},"end":{"line":106,"column":null}},{"start":{},"end":{}}],"line":106}},"s":{"0":9,"1":3,"2":3,"3":4,"4":3,"5":0,"6":0,"7":0,"8":3,"9":2,"10":3,"11":3,"12":3,"13":11,"14":1,"15":10,"16":2,"17":8,"18":8,"19":8,"20":1,"21":7,"22":7,"23":10,"24":10,"25":3,"26":7,"27":2,"28":5,"29":1,"30":4,"31":10},"f":{"0":9,"1":4,"2":3,"3":2,"4":11,"5":10,"6":10},"b":{"0":[0,3],"1":[0,0],"2":[1,10],"3":[2,8],"4":[1,7],"5":[8,1],"6":[3,7],"7":[2,5],"8":[1,4]},"meta":{"lastBranch":9,"lastFunction":7,"lastStatement":32,"seen":{"f:11:16:11:35":0,"s:14:2:14:Infinity":0,"s:26:17:26:Infinity":1,"s:27:32:27:Infinity":2,"f:29:2:29:6":1,"s:30:4:30:Infinity":3,"f:33:2:33:6":2,"b:35:4:38:Infinity:undefined:undefined:undefined:undefined":0,"s:35:4:38:Infinity":4,"s:36:20:36:Infinity":5,"b:37:6:37:Infinity:undefined:undefined:undefined:undefined":1,"s:37:6:37:Infinity":6,"s:37:31:37:Infinity":7,"s:39:4:39:Infinity":8,"f:42:2:42:16":3,"s:43:4:43:Infinity":9,"s:47:34:47:Infinity":10,"s:62:26:62:Infinity":11,"s:63:24:63:Infinity":12,"f:77:16:77:36":4,"b:79:2:79:Infinity:undefined:undefined:undefined:undefined":2,"s:79:2:79:Infinity":13,"s:79:23:79:Infinity":14,"b:82:2:82:Infinity:undefined:undefined:undefined:undefined":3,"s:82:2:82:Infinity":15,"s:82:27:82:Infinity":16,"s:84:14:84:Infinity":17,"s:85:20:85:Infinity":18,"b:87:2:89:Infinity:undefined:undefined:undefined:undefined":4,"s:87:2:89:Infinity":19,"b:87:6:87:33:87:33:87:70":5,"s:88:4:88:Infinity":20,"s:91:2:91:Infinity":21,"s:92:2:92:Infinity":22,"f:99:16:99:33":5,"s:100:18:100:Infinity":23,"b:102:2:102:Infinity:undefined:undefined:undefined:undefined":6,"s:102:2:102:Infinity":24,"s:102:26:102:Infinity":25,"b:104:2:104:Infinity:undefined:undefined:undefined:undefined":7,"s:104:2:104:Infinity":26,"s:104:36:104:Infinity":27,"b:106:2:106:Infinity:undefined:undefined:undefined:undefined":8,"s:106:2:106:Infinity":28,"s:106:35:106:Infinity":29,"s:107:2:107:Infinity":30,"f:113:16:113:41":6,"s:114:2:114:Infinity":31},"fnNames":{}}}
,"C:\\TQ ChatBot Task\\src\\lib\\logger.ts": {"path":"C:\\TQ ChatBot Task\\src\\lib\\logger.ts","statementMap":{"0":{"start":{"line":5,"column":15},"end":{"line":5,"column":null}},"1":{"start":{"line":7,"column":19},"end":{"line":23,"column":null}},"2":{"start":{"line":25,"column":17},"end":{"line":25,"column":null}},"3":{"start":{"line":28,"column":2},"end":{"line":28,"column":null}},"4":{"start":{"line":28,"column":27},"end":{"line":28,"column":null}},"5":{"start":{"line":29,"column":2},"end":{"line":34,"column":null}},"6":{"start":{"line":31,"column":4},"end":{"line":31,"column":null}},"7":{"start":{"line":31,"column":50},"end":{"line":31,"column":null}},"8":{"start":{"line":33,"column":4},"end":{"line":33,"column":null}},"9":{"start":{"line":33,"column":50},"end":{"line":33,"column":null}},"10":{"start":{"line":35,"column":2},"end":{"line":41,"column":null}},"11":{"start":{"line":36,"column":46},"end":{"line":36,"column":null}},"12":{"start":{"line":37,"column":4},"end":{"line":39,"column":null}},"13":{"start":{"line":38,"column":6},"end":{"line":38,"column":null}},"14":{"start":{"line":40,"column":4},"end":{"line":40,"column":null}},"15":{"start":{"line":42,"column":2},"end":{"line":42,"column":null}},"16":{"start":{"line":46,"column":2},"end":{"line":46,"column":null}},"17":{"start":{"line":46,"column":14},"end":{"line":46,"column":null}},"18":{"start":{"line":47,"column":2},"end":{"line":53,"column":null}},"19":{"start":{"line":48,"column":4},"end":{"line":48,"column":null}},"20":{"start":{"line":48,"column":33},"end":{"line":48,"column":null}},"21":{"start":{"line":49,"column":4},"end":{"line":51,"column":null}},"22":{"start":{"line":50,"column":6},"end":{"line":50,"column":null}},"23":{"start":{"line":52,"column":4},"end":{"line":52,"column":null}},"24":{"start":{"line":56,"column":22},"end":{"line":69,"column":null}},"25":{"start":{"line":58,"column":4},"end":{"line":58,"column":null}},"26":{"start":{"line":58,"column":16},"end":{"line":58,"column":null}},"27":{"start":{"line":61,"column":4},"end":{"line":61,"column":null}},"28":{"start":{"line":64,"column":4},"end":{"line":64,"column":null}},"29":{"start":{"line":67,"column":4},"end":{"line":67,"column":null}},"30":{"start":{"line":67,"column":16},"end":{"line":67,"column":null}}},"fnMap":{"0":{"name":"redactValue","decl":{"start":{"line":27,"column":9},"end":{"line":27,"column":21}},"loc":{"start":{"line":27,"column":59},"end":{"line":43,"column":null}},"line":27},"1":{"name":"safeArgs","decl":{"start":{"line":45,"column":9},"end":{"line":45,"column":18}},"loc":{"start":{"line":45,"column":46},"end":{"line":54,"column":null}},"line":45},"2":{"name":"(anonymous_2)","decl":{"start":{"line":47,"column":14},"end":{"line":47,"column":19}},"loc":{"start":{"line":47,"column":27},"end":{"line":53,"column":3}},"line":47},"3":{"name":"info","decl":{"start":{"line":57,"column":2},"end":{"line":57,"column":7}},"loc":{"start":{"line":57,"column":27},"end":{"line":59,"column":null}},"line":57},"4":{"name":"warn","decl":{"start":{"line":60,"column":2},"end":{"line":60,"column":7}},"loc":{"start":{"line":60,"column":27},"end":{"line":62,"column":null}},"line":60},"5":{"name":"error","decl":{"start":{"line":63,"column":2},"end":{"line":63,"column":8}},"loc":{"start":{"line":63,"column":28},"end":{"line":65,"column":null}},"line":63},"6":{"name":"debug","decl":{"start":{"line":66,"column":2},"end":{"line":66,"column":8}},"loc":{"start":{"line":66,"column":28},"end":{"line":68,"column":null}},"line":66}},"branchMap":{"0":{"loc":{"start":{"line":28,"column":2},"end":{"line":28,"column":null}},"type":"if","locations":[{"start":{"line":28,"column":2},"end":{"line":28,"column":null}},{"start":{},"end":{}}],"line":28},"1":{"loc":{"start":{"line":29,"column":2},"end":{"line":34,"column":null}},"type":"if","locations":[{"start":{"line":29,"column":2},"end":{"line":34,"column":null}},{"start":{},"end":{}}],"line":29},"2":{"loc":{"start":{"line":31,"column":4},"end":{"line":31,"column":null}},"type":"if","locations":[{"start":{"line":31,"column":4},"end":{"line":31,"column":null}},{"start":{},"end":{}}],"line":31},"3":{"loc":{"start":{"line":33,"column":4},"end":{"line":33,"column":null}},"type":"if","locations":[{"start":{"line":33,"column":4},"end":{"line":33,"column":null}},{"start":{},"end":{}}],"line":33},"4":{"loc":{"start":{"line":35,"column":2},"end":{"line":41,"column":null}},"type":"if","locations":[{"start":{"line":35,"column":2},"end":{"line":41,"column":null}},{"start":{},"end":{}}],"line":35},"5":{"loc":{"start":{"line":35,"column":6},"end":{"line":35,"column":76}},"type":"binary-expr","locations":[{"start":{"line":35,"column":6},"end":{"line":35,"column":35}},{"start":{"line":35,"column":35},"end":{"line":35,"column":53}},{"start":{"line":35,"column":53},"end":{"line":35,"column":76}}],"line":35},"6":{"loc":{"start":{"line":46,"column":2},"end":{"line":46,"column":null}},"type":"if","locations":[{"start":{"line":46,"column":2},"end":{"line":46,"column":null}},{"start":{},"end":{}}],"line":46},"7":{"loc":{"start":{"line":48,"column":4},"end":{"line":48,"column":null}},"type":"if","locations":[{"start":{"line":48,"column":4},"end":{"line":48,"column":null}},{"start":{},"end":{}}],"line":48},"8":{"loc":{"start":{"line":49,"column":4},"end":{"line":51,"column":null}},"type":"if","locations":[{"start":{"line":49,"column":4},"end":{"line":51,"column":null}},{"start":{},"end":{}}],"line":49},"9":{"loc":{"start":{"line":49,"column":8},"end":{"line":49,"column":49}},"type":"binary-expr","locations":[{"start":{"line":49,"column":8},"end":{"line":49,"column":35}},{"start":{"line":49,"column":35},"end":{"line":49,"column":49}}],"line":49},"10":{"loc":{"start":{"line":58,"column":4},"end":{"line":58,"column":null}},"type":"if","locations":[{"start":{"line":58,"column":4},"end":{"line":58,"column":null}},{"start":{},"end":{}}],"line":58},"11":{"loc":{"start":{"line":67,"column":4},"end":{"line":67,"column":null}},"type":"if","locations":[{"start":{"line":67,"column":4},"end":{"line":67,"column":null}},{"start":{},"end":{}}],"line":67}},"s":{"0":3,"1":3,"2":3,"3":0,"4":0,"5":0,"6":0,"7":0,"8":0,"9":0,"10":0,"11":0,"12":0,"13":0,"14":0,"15":0,"16":3,"17":3,"18":0,"19":0,"20":0,"21":0,"22":0,"23":0,"24":3,"25":0,"26":0,"27":3,"28":0,"29":0,"30":0},"f":{"0":0,"1":3,"2":0,"3":0,"4":3,"5":0,"6":0},"b":{"0":[0,0],"1":[0,0],"2":[0,0],"3":[0,0],"4":[0,0],"5":[0,0,0],"6":[3,0],"7":[0,0],"8":[0,0],"9":[0,0],"10":[0,0],"11":[0,0]},"meta":{"lastBranch":12,"lastFunction":7,"lastStatement":31,"seen":{"s:5:15:5:Infinity":0,"s:7:19:23:Infinity":1,"s:25:17:25:Infinity":2,"f:27:9:27:21":0,"b:28:2:28:Infinity:undefined:undefined:undefined:undefined":0,"s:28:2:28:Infinity":3,"s:28:27:28:Infinity":4,"b:29:2:34:Infinity:undefined:undefined:undefined:undefined":1,"s:29:2:34:Infinity":5,"b:31:4:31:Infinity:undefined:undefined:undefined:undefined":2,"s:31:4:31:Infinity":6,"s:31:50:31:Infinity":7,"b:33:4:33:Infinity:undefined:undefined:undefined:undefined":3,"s:33:4:33:Infinity":8,"s:33:50:33:Infinity":9,"b:35:2:41:Infinity:undefined:undefined:undefined:undefined":4,"s:35:2:41:Infinity":10,"b:35:6:35:35:35:35:35:53:35:53:35:76":5,"s:36:46:36:Infinity":11,"s:37:4:39:Infinity":12,"s:38:6:38:Infinity":13,"s:40:4:40:Infinity":14,"s:42:2:42:Infinity":15,"f:45:9:45:18":1,"b:46:2:46:Infinity:undefined:undefined:undefined:undefined":6,"s:46:2:46:Infinity":16,"s:46:14:46:Infinity":17,"s:47:2:53:Infinity":18,"f:47:14:47:19":2,"b:48:4:48:Infinity:undefined:undefined:undefined:undefined":7,"s:48:4:48:Infinity":19,"s:48:33:48:Infinity":20,"b:49:4:51:Infinity:undefined:undefined:undefined:undefined":8,"s:49:4:51:Infinity":21,"b:49:8:49:35:49:35:49:49":9,"s:50:6:50:Infinity":22,"s:52:4:52:Infinity":23,"s:56:22:69:Infinity":24,"f:57:2:57:7":3,"b:58:4:58:Infinity:undefined:undefined:undefined:undefined":10,"s:58:4:58:Infinity":25,"s:58:16:58:Infinity":26,"f:60:2:60:7":4,"s:61:4:61:Infinity":27,"f:63:2:63:8":5,"s:64:4:64:Infinity":28,"f:66:2:66:8":6,"b:67:4:67:Infinity:undefined:undefined:undefined:undefined":11,"s:67:4:67:Infinity":29,"s:67:16:67:Infinity":30},"fnNames":{}}}
,"C:\\TQ ChatBot Task\\src\\lib\\rateLimit.ts": {"path":"C:\\TQ ChatBot Task\\src\\lib\\rateLimit.ts","statementMap":{"0":{"start":{"line":27,"column":33},"end":{"line":27,"column":null}},"1":{"start":{"line":30,"column":4},"end":{"line":30,"column":null}},"2":{"start":{"line":31,"column":4},"end":{"line":31,"column":null}},"3":{"start":{"line":39,"column":16},"end":{"line":39,"column":null}},"4":{"start":{"line":41,"column":4},"end":{"line":41,"column":null}},"5":{"start":{"line":41,"column":50},"end":{"line":41,"column":73}},"6":{"start":{"line":43,"column":4},"end":{"line":47,"column":null}},"7":{"start":{"line":44,"column":21},"end":{"line":44,"column":null}},"8":{"start":{"line":45,"column":27},"end":{"line":45,"column":null}},"9":{"start":{"line":46,"column":6},"end":{"line":46,"column":null}},"10":{"start":{"line":49,"column":4},"end":{"line":49,"column":null}},"11":{"start":{"line":50,"column":4},"end":{"line":50,"column":null}},"12":{"start":{"line":57,"column":4},"end":{"line":57,"column":null}},"13":{"start":{"line":62,"column":31},"end":{"line":62,"column":null}}},"fnMap":{"0":{"name":"constructor","decl":{"start":{"line":29,"column":2},"end":{"line":29,"column":14}},"loc":{"start":{"line":29,"column":67},"end":{"line":32,"column":null}},"line":29},"1":{"name":"check","decl":{"start":{"line":38,"column":2},"end":{"line":38,"column":27}},"loc":{"start":{"line":38,"column":27},"end":{"line":51,"column":null}},"line":38},"2":{"name":"(anonymous_2)","decl":{"start":{"line":41,"column":38},"end":{"line":41,"column":45}},"loc":{"start":{"line":41,"column":50},"end":{"line":41,"column":73}},"line":41},"3":{"name":"reset","decl":{"start":{"line":56,"column":2},"end":{"line":56,"column":16}},"loc":{"start":{"line":56,"column":16},"end":{"line":58,"column":null}},"line":56}},"branchMap":{"0":{"loc":{"start":{"line":29,"column":14},"end":{"line":29,"column":41}},"type":"default-arg","locations":[{"start":{"line":29,"column":33},"end":{"line":29,"column":41}}],"line":29},"1":{"loc":{"start":{"line":29,"column":41},"end":{"line":29,"column":67}},"type":"default-arg","locations":[{"start":{"line":29,"column":63},"end":{"line":29,"column":67}}],"line":29},"2":{"loc":{"start":{"line":43,"column":4},"end":{"line":47,"column":null}},"type":"if","locations":[{"start":{"line":43,"column":4},"end":{"line":47,"column":null}},{"start":{},"end":{}}],"line":43}},"s":{"0":2,"1":2,"2":2,"3":33,"4":33,"5":465,"6":33,"7":1,"8":1,"9":1,"10":32,"11":32,"12":2,"13":2},"f":{"0":2,"1":33,"2":465,"3":2},"b":{"0":[2],"1":[2],"2":[1,32]},"meta":{"lastBranch":3,"lastFunction":4,"lastStatement":14,"seen":{"s:27:33:27:Infinity":0,"f:29:2:29:14":0,"b:29:33:29:41":0,"b:29:63:29:67":1,"s:30:4:30:Infinity":1,"s:31:4:31:Infinity":2,"f:38:2:38:27":1,"s:39:16:39:Infinity":3,"s:41:4:41:Infinity":4,"f:41:38:41:45":2,"s:41:50:41:73":5,"b:43:4:47:Infinity:undefined:undefined:undefined:undefined":2,"s:43:4:47:Infinity":6,"s:44:21:44:Infinity":7,"s:45:27:45:Infinity":8,"s:46:6:46:Infinity":9,"s:49:4:49:Infinity":10,"s:50:4:50:Infinity":11,"f:56:2:56:16":3,"s:57:4:57:Infinity":12,"s:62:31:62:Infinity":13},"fnNames":{}}}
,"C:\\TQ ChatBot Task\\src\\lib\\scoring.ts": {"path":"C:\\TQ ChatBot Task\\src\\lib\\scoring.ts","statementMap":{"0":{"start":{"line":14,"column":8},"end":{"line":14,"column":null}},"1":{"start":{"line":15,"column":14},"end":{"line":15,"column":null}},"2":{"start":{"line":18,"column":18},"end":{"line":18,"column":null}},"3":{"start":{"line":21,"column":15},"end":{"line":21,"column":null}},"4":{"start":{"line":24,"column":8},"end":{"line":24,"column":null}},"5":{"start":{"line":25,"column":20},"end":{"line":25,"column":null}},"6":{"start":{"line":28,"column":8},"end":{"line":28,"column":null}},"7":{"start":{"line":29,"column":18},"end":{"line":29,"column":null}},"8":{"start":{"line":31,"column":2},"end":{"line":31,"column":null}},"9":{"start":{"line":38,"column":33},"end":{"line":38,"column":null}},"10":{"start":{"line":40,"column":2},"end":{"line":47,"column":null}},"11":{"start":{"line":49,"column":2},"end":{"line":58,"column":null}},"12":{"start":{"line":60,"column":2},"end":{"line":69,"column":null}},"13":{"start":{"line":71,"column":2},"end":{"line":78,"column":null}},"14":{"start":{"line":80,"column":2},"end":{"line":89,"column":null}},"15":{"start":{"line":91,"column":2},"end":{"line":91,"column":null}},"16":{"start":{"line":100,"column":23},"end":{"line":106,"column":null}},"17":{"start":{"line":108,"column":20},"end":{"line":114,"column":null}},"18":{"start":{"line":116,"column":23},"end":{"line":120,"column":null}},"19":{"start":{"line":122,"column":27},"end":{"line":128,"column":null}},"20":{"start":{"line":130,"column":2},"end":{"line":137,"column":null}},"21":{"start":{"line":148,"column":20},"end":{"line":148,"column":null}},"22":{"start":{"line":149,"column":22},"end":{"line":149,"column":null}},"23":{"start":{"line":150,"column":18},"end":{"line":150,"column":null}},"24":{"start":{"line":153,"column":2},"end":{"line":170,"column":null}},"25":{"start":{"line":158,"column":34},"end":{"line":167,"column":null}},"26":{"start":{"line":168,"column":4},"end":{"line":168,"column":null}},"27":{"start":{"line":169,"column":4},"end":{"line":169,"column":null}},"28":{"start":{"line":173,"column":2},"end":{"line":186,"column":null}},"29":{"start":{"line":174,"column":34},"end":{"line":183,"column":null}},"30":{"start":{"line":184,"column":4},"end":{"line":184,"column":null}},"31":{"start":{"line":185,"column":4},"end":{"line":185,"column":null}},"32":{"start":{"line":189,"column":2},"end":{"line":202,"column":null}},"33":{"start":{"line":190,"column":34},"end":{"line":199,"column":null}},"34":{"start":{"line":200,"column":4},"end":{"line":200,"column":null}},"35":{"start":{"line":201,"column":4},"end":{"line":201,"column":null}},"36":{"start":{"line":205,"column":32},"end":{"line":214,"column":null}},"37":{"start":{"line":215,"column":2},"end":{"line":215,"column":null}},"38":{"start":{"line":216,"column":2},"end":{"line":216,"column":null}},"39":{"start":{"line":230,"column":21},"end":{"line":230,"column":null}},"40":{"start":{"line":231,"column":36},"end":{"line":231,"column":null}},"41":{"start":{"line":235,"column":4},"end":{"line":237,"column":null}},"42":{"start":{"line":238,"column":2},"end":{"line":238,"column":null}},"43":{"start":{"line":238,"column":19},"end":{"line":238,"column":null}},"44":{"start":{"line":242,"column":4},"end":{"line":245,"column":null}},"45":{"start":{"line":246,"column":2},"end":{"line":246,"column":null}},"46":{"start":{"line":246,"column":18},"end":{"line":246,"column":null}},"47":{"start":{"line":249,"column":2},"end":{"line":254,"column":null}},"48":{"start":{"line":250,"column":4},"end":{"line":250,"column":null}},"49":{"start":{"line":251,"column":9},"end":{"line":254,"column":null}},"50":{"start":{"line":253,"column":4},"end":{"line":253,"column":null}},"51":{"start":{"line":257,"column":2},"end":{"line":262,"column":null}},"52":{"start":{"line":259,"column":4},"end":{"line":259,"column":null}},"53":{"start":{"line":260,"column":9},"end":{"line":262,"column":null}},"54":{"start":{"line":261,"column":4},"end":{"line":261,"column":null}},"55":{"start":{"line":266,"column":4},"end":{"line":268,"column":null}},"56":{"start":{"line":269,"column":2},"end":{"line":269,"column":null}},"57":{"start":{"line":269,"column":19},"end":{"line":269,"column":null}},"58":{"start":{"line":273,"column":4},"end":{"line":274,"column":null}},"59":{"start":{"line":275,"column":2},"end":{"line":275,"column":null}},"60":{"start":{"line":275,"column":19},"end":{"line":275,"column":null}},"61":{"start":{"line":279,"column":4},"end":{"line":279,"column":null}},"62":{"start":{"line":280,"column":2},"end":{"line":280,"column":null}},"63":{"start":{"line":280,"column":17},"end":{"line":280,"column":null}},"64":{"start":{"line":282,"column":2},"end":{"line":282,"column":null}},"65":{"start":{"line":293,"column":2},"end":{"line":305,"column":null}},"66":{"start":{"line":311,"column":39},"end":{"line":321,"column":null}},"67":{"start":{"line":327,"column":18},"end":{"line":352,"column":null}},"68":{"start":{"line":353,"column":2},"end":{"line":353,"column":null}},"69":{"start":{"line":368,"column":22},"end":{"line":368,"column":null}},"70":{"start":{"line":369,"column":2},"end":{"line":369,"column":null}},"71":{"start":{"line":369,"column":42},"end":{"line":369,"column":null}},"72":{"start":{"line":371,"column":2},"end":{"line":371,"column":null}},"73":{"start":{"line":371,"column":29},"end":{"line":371,"column":null}},"74":{"start":{"line":372,"column":2},"end":{"line":372,"column":null}},"75":{"start":{"line":372,"column":35},"end":{"line":372,"column":null}},"76":{"start":{"line":373,"column":2},"end":{"line":373,"column":null}},"77":{"start":{"line":373,"column":86},"end":{"line":373,"column":null}},"78":{"start":{"line":374,"column":2},"end":{"line":374,"column":null}},"79":{"start":{"line":374,"column":58},"end":{"line":374,"column":null}},"80":{"start":{"line":375,"column":2},"end":{"line":375,"column":null}},"81":{"start":{"line":381,"column":32},"end":{"line":381,"column":null}},"82":{"start":{"line":399,"column":18},"end":{"line":399,"column":null}},"83":{"start":{"line":400,"column":2},"end":{"line":400,"column":null}},"84":{"start":{"line":400,"column":49},"end":{"line":400,"column":null}},"85":{"start":{"line":401,"column":2},"end":{"line":401,"column":null}},"86":{"start":{"line":401,"column":45},"end":{"line":401,"column":null}},"87":{"start":{"line":402,"column":2},"end":{"line":402,"column":null}},"88":{"start":{"line":402,"column":29},"end":{"line":402,"column":null}},"89":{"start":{"line":405,"column":2},"end":{"line":407,"column":null}},"90":{"start":{"line":406,"column":4},"end":{"line":406,"column":null}},"91":{"start":{"line":409,"column":20},"end":{"line":409,"column":null}},"92":{"start":{"line":410,"column":2},"end":{"line":410,"column":null}},"93":{"start":{"line":423,"column":2},"end":{"line":423,"column":null}},"94":{"start":{"line":423,"column":36},"end":{"line":423,"column":null}},"95":{"start":{"line":424,"column":2},"end":{"line":427,"column":null}},"96":{"start":{"line":433,"column":23},"end":{"line":433,"column":null}},"97":{"start":{"line":437,"column":2},"end":{"line":437,"column":null}},"98":{"start":{"line":441,"column":2},"end":{"line":441,"column":null}},"99":{"start":{"line":453,"column":18},"end":{"line":453,"column":null}},"100":{"start":{"line":454,"column":2},"end":{"line":454,"column":null}},"101":{"start":{"line":454,"column":50},"end":{"line":454,"column":null}},"102":{"start":{"line":455,"column":2},"end":{"line":455,"column":null}},"103":{"start":{"line":455,"column":36},"end":{"line":455,"column":null}},"104":{"start":{"line":456,"column":2},"end":{"line":456,"column":null}},"105":{"start":{"line":456,"column":29},"end":{"line":456,"column":null}},"106":{"start":{"line":459,"column":2},"end":{"line":464,"column":null}},"107":{"start":{"line":460,"column":4},"end":{"line":463,"column":null}},"108":{"start":{"line":466,"column":2},"end":{"line":466,"column":null}},"109":{"start":{"line":473,"column":20},"end":{"line":473,"column":null}},"110":{"start":{"line":483,"column":16},"end":{"line":483,"column":null}},"111":{"start":{"line":484,"column":2},"end":{"line":484,"column":null}},"112":{"start":{"line":494,"column":2},"end":{"line":494,"column":null}},"113":{"start":{"line":494,"column":36},"end":{"line":494,"column":null}},"114":{"start":{"line":496,"column":16},"end":{"line":496,"column":null}},"115":{"start":{"line":497,"column":2},"end":{"line":497,"column":null}},"116":{"start":{"line":497,"column":26},"end":{"line":497,"column":null}},"117":{"start":{"line":498,"column":26},"end":{"line":498,"column":null}},"118":{"start":{"line":499,"column":2},"end":{"line":499,"column":null}},"119":{"start":{"line":499,"column":47},"end":{"line":499,"column":null}},"120":{"start":{"line":500,"column":2},"end":{"line":500,"column":null}},"121":{"start":{"line":500,"column":29},"end":{"line":500,"column":null}},"122":{"start":{"line":501,"column":22},"end":{"line":501,"column":null}},"123":{"start":{"line":502,"column":2},"end":{"line":502,"column":null}},"124":{"start":{"line":502,"column":28},"end":{"line":502,"column":42}},"125":{"start":{"line":502,"column":45},"end":{"line":502,"column":null}},"126":{"start":{"line":503,"column":14},"end":{"line":503,"column":null}},"127":{"start":{"line":504,"column":2},"end":{"line":504,"column":null}},"128":{"start":{"line":504,"column":22},"end":{"line":504,"column":null}},"129":{"start":{"line":505,"column":2},"end":{"line":505,"column":null}},"130":{"start":{"line":517,"column":21},"end":{"line":517,"column":null}},"131":{"start":{"line":519,"column":19},"end":{"line":523,"column":null}},"132":{"start":{"line":525,"column":2},"end":{"line":534,"column":null}},"133":{"start":{"line":526,"column":18},"end":{"line":526,"column":null}},"134":{"start":{"line":527,"column":4},"end":{"line":533,"column":null}},"135":{"start":{"line":528,"column":19},"end":{"line":528,"column":null}},"136":{"start":{"line":530,"column":6},"end":{"line":532,"column":null}},"137":{"start":{"line":531,"column":8},"end":{"line":531,"column":null}},"138":{"start":{"line":535,"column":2},"end":{"line":535,"column":null}}},"fnMap":{"0":{"name":"buildBreakdown","decl":{"start":{"line":12,"column":9},"end":{"line":12,"column":24}},"loc":{"start":{"line":12,"column":58},"end":{"line":32,"column":null}},"line":12},"1":{"name":"buildFactors","decl":{"start":{"line":37,"column":9},"end":{"line":37,"column":22}},"loc":{"start":{"line":37,"column":82},"end":{"line":92,"column":null}},"line":37},"2":{"name":"buildSummary","decl":{"start":{"line":99,"column":9},"end":{"line":99,"column":22}},"loc":{"start":{"line":99,"column":75},"end":{"line":138,"column":null}},"line":99},"3":{"name":"scoreLead","decl":{"start":{"line":147,"column":16},"end":{"line":147,"column":26}},"loc":{"start":{"line":147,"column":59},"end":{"line":217,"column":null}},"line":147},"4":{"name":"extractSignalsFromText","decl":{"start":{"line":229,"column":16},"end":{"line":229,"column":39}},"loc":{"start":{"line":229,"column":72},"end":{"line":283,"column":null}},"line":229},"5":{"name":"mergeSignals","decl":{"start":{"line":289,"column":16},"end":{"line":289,"column":null}},"loc":{"start":{"line":292,"column":11},"end":{"line":306,"column":null}},"line":292},"6":{"name":"getRouteConfig","decl":{"start":{"line":326,"column":16},"end":{"line":326,"column":31}},"loc":{"start":{"line":326,"column":45},"end":{"line":354,"column":null}},"line":326},"7":{"name":"getQualificationGap","decl":{"start":{"line":366,"column":16},"end":{"line":366,"column":36}},"loc":{"start":{"line":366,"column":108},"end":{"line":376,"column":null}},"line":366},"8":{"name":"isLikelyBusinessType","decl":{"start":{"line":398,"column":16},"end":{"line":398,"column":37}},"loc":{"start":{"line":398,"column":61},"end":{"line":411,"column":null}},"line":398},"9":{"name":"extractBusinessTypeFromContext","decl":{"start":{"line":422,"column":16},"end":{"line":422,"column":47}},"loc":{"start":{"line":422,"column":87},"end":{"line":428,"column":null}},"line":422},"10":{"name":"extractPainFromContext","decl":{"start":{"line":452,"column":16},"end":{"line":452,"column":39}},"loc":{"start":{"line":452,"column":79},"end":{"line":467,"column":null}},"line":452},"11":{"name":"extractEmail","decl":{"start":{"line":482,"column":16},"end":{"line":482,"column":29}},"loc":{"start":{"line":482,"column":59},"end":{"line":485,"column":null}},"line":482},"12":{"name":"isValidEmail","decl":{"start":{"line":493,"column":16},"end":{"line":493,"column":29}},"loc":{"start":{"line":493,"column":53},"end":{"line":506,"column":null}},"line":493},"13":{"name":"(anonymous_13)","decl":{"start":{"line":502,"column":18},"end":{"line":502,"column":23}},"loc":{"start":{"line":502,"column":28},"end":{"line":502,"column":42}},"line":502},"14":{"name":"extractBusinessName","decl":{"start":{"line":516,"column":16},"end":{"line":516,"column":36}},"loc":{"start":{"line":516,"column":66},"end":{"line":536,"column":null}},"line":516}},"branchMap":{"0":{"loc":{"start":{"line":14,"column":18},"end":{"line":14,"column":52}},"type":"cond-expr","locations":[{"start":{"line":14,"column":41},"end":{"line":14,"column":46}},{"start":{"line":14,"column":46},"end":{"line":14,"column":52}}],"line":14},"1":{"loc":{"start":{"line":14,"column":52},"end":{"line":14,"column":null}},"type":"cond-expr","locations":[{"start":{"line":14,"column":83},"end":{"line":14,"column":88}},{"start":{"line":14,"column":88},"end":{"line":14,"column":null}}],"line":14},"2":{"loc":{"start":{"line":24,"column":24},"end":{"line":24,"column":59}},"type":"cond-expr","locations":[{"start":{"line":24,"column":48},"end":{"line":24,"column":53}},{"start":{"line":24,"column":53},"end":{"line":24,"column":59}}],"line":24},"3":{"loc":{"start":{"line":24,"column":59},"end":{"line":24,"column":null}},"type":"cond-expr","locations":[{"start":{"line":24,"column":86},"end":{"line":24,"column":90}},{"start":{"line":24,"column":90},"end":{"line":24,"column":null}}],"line":24},"4":{"loc":{"start":{"line":28,"column":22},"end":{"line":28,"column":62}},"type":"cond-expr","locations":[{"start":{"line":28,"column":52},"end":{"line":28,"column":56}},{"start":{"line":28,"column":56},"end":{"line":28,"column":62}}],"line":28},"5":{"loc":{"start":{"line":28,"column":62},"end":{"line":28,"column":null}},"type":"cond-expr","locations":[{"start":{"line":28,"column":86},"end":{"line":28,"column":90}},{"start":{"line":28,"column":90},"end":{"line":28,"column":null}}],"line":28},"6":{"loc":{"start":{"line":44,"column":12},"end":{"line":46,"column":null}},"type":"cond-expr","locations":[{"start":{"line":45,"column":8},"end":{"line":45,"column":null}},{"start":{"line":46,"column":8},"end":{"line":46,"column":null}}],"line":44},"7":{"loc":{"start":{"line":45,"column":23},"end":{"line":45,"column":null}},"type":"cond-expr","locations":[{"start":{"line":45,"column":54},"end":{"line":45,"column":85}},{"start":{"line":45,"column":85},"end":{"line":45,"column":null}}],"line":45},"8":{"loc":{"start":{"line":53,"column":12},"end":{"line":57,"column":null}},"type":"cond-expr","locations":[{"start":{"line":54,"column":8},"end":{"line":54,"column":null}},{"start":{"line":55,"column":8},"end":{"line":57,"column":null}}],"line":53},"9":{"loc":{"start":{"line":55,"column":8},"end":{"line":57,"column":null}},"type":"cond-expr","locations":[{"start":{"line":56,"column":10},"end":{"line":56,"column":null}},{"start":{"line":57,"column":10},"end":{"line":57,"column":null}}],"line":55},"10":{"loc":{"start":{"line":64,"column":12},"end":{"line":68,"column":null}},"type":"cond-expr","locations":[{"start":{"line":65,"column":8},"end":{"line":65,"column":null}},{"start":{"line":66,"column":8},"end":{"line":68,"column":null}}],"line":64},"11":{"loc":{"start":{"line":66,"column":8},"end":{"line":68,"column":null}},"type":"cond-expr","locations":[{"start":{"line":67,"column":10},"end":{"line":67,"column":null}},{"start":{"line":68,"column":10},"end":{"line":68,"column":null}}],"line":66},"12":{"loc":{"start":{"line":75,"column":12},"end":{"line":77,"column":null}},"type":"cond-expr","locations":[{"start":{"line":76,"column":8},"end":{"line":76,"column":null}},{"start":{"line":77,"column":8},"end":{"line":77,"column":null}}],"line":75},"13":{"loc":{"start":{"line":76,"column":24},"end":{"line":76,"column":null}},"type":"cond-expr","locations":[{"start":{"line":76,"column":51},"end":{"line":76,"column":74}},{"start":{"line":76,"column":74},"end":{"line":76,"column":null}}],"line":76},"14":{"loc":{"start":{"line":84,"column":12},"end":{"line":88,"column":null}},"type":"cond-expr","locations":[{"start":{"line":85,"column":8},"end":{"line":85,"column":null}},{"start":{"line":86,"column":8},"end":{"line":88,"column":null}}],"line":84},"15":{"loc":{"start":{"line":86,"column":8},"end":{"line":88,"column":null}},"type":"cond-expr","locations":[{"start":{"line":87,"column":10},"end":{"line":87,"column":null}},{"start":{"line":88,"column":10},"end":{"line":88,"column":null}}],"line":86},"16":{"loc":{"start":{"line":100,"column":23},"end":{"line":106,"column":null}},"type":"cond-expr","locations":[{"start":{"line":101,"column":6},"end":{"line":101,"column":null}},{"start":{"line":102,"column":6},"end":{"line":106,"column":null}}],"line":100},"17":{"loc":{"start":{"line":102,"column":6},"end":{"line":106,"column":null}},"type":"cond-expr","locations":[{"start":{"line":103,"column":8},"end":{"line":105,"column":null}},{"start":{"line":106,"column":8},"end":{"line":106,"column":null}}],"line":102},"18":{"loc":{"start":{"line":103,"column":8},"end":{"line":105,"column":null}},"type":"cond-expr","locations":[{"start":{"line":104,"column":10},"end":{"line":104,"column":null}},{"start":{"line":105,"column":10},"end":{"line":105,"column":null}}],"line":103},"19":{"loc":{"start":{"line":108,"column":20},"end":{"line":114,"column":null}},"type":"cond-expr","locations":[{"start":{"line":109,"column":6},"end":{"line":109,"column":null}},{"start":{"line":110,"column":6},"end":{"line":114,"column":null}}],"line":108},"20":{"loc":{"start":{"line":110,"column":6},"end":{"line":114,"column":null}},"type":"cond-expr","locations":[{"start":{"line":111,"column":8},"end":{"line":111,"column":null}},{"start":{"line":112,"column":8},"end":{"line":114,"column":null}}],"line":110},"21":{"loc":{"start":{"line":112,"column":8},"end":{"line":114,"column":null}},"type":"cond-expr","locations":[{"start":{"line":113,"column":10},"end":{"line":113,"column":null}},{"start":{"line":114,"column":10},"end":{"line":114,"column":null}}],"line":112},"22":{"loc":{"start":{"line":116,"column":23},"end":{"line":120,"column":null}},"type":"cond-expr","locations":[{"start":{"line":117,"column":6},"end":{"line":117,"column":null}},{"start":{"line":118,"column":6},"end":{"line":120,"column":null}}],"line":116},"23":{"loc":{"start":{"line":118,"column":6},"end":{"line":120,"column":null}},"type":"cond-expr","locations":[{"start":{"line":119,"column":8},"end":{"line":119,"column":null}},{"start":{"line":120,"column":8},"end":{"line":120,"column":null}}],"line":118},"24":{"loc":{"start":{"line":122,"column":27},"end":{"line":128,"column":null}},"type":"cond-expr","locations":[{"start":{"line":123,"column":6},"end":{"line":123,"column":null}},{"start":{"line":124,"column":6},"end":{"line":128,"column":null}}],"line":122},"25":{"loc":{"start":{"line":124,"column":6},"end":{"line":128,"column":null}},"type":"cond-expr","locations":[{"start":{"line":125,"column":8},"end":{"line":125,"column":null}},{"start":{"line":126,"column":8},"end":{"line":128,"column":null}}],"line":124},"26":{"loc":{"start":{"line":126,"column":8},"end":{"line":128,"column":null}},"type":"cond-expr","locations":[{"start":{"line":127,"column":10},"end":{"line":127,"column":null}},{"start":{"line":128,"column":10},"end":{"line":128,"column":null}}],"line":126},"27":{"loc":{"start":{"line":153,"column":2},"end":{"line":170,"column":null}},"type":"if","locations":[{"start":{"line":153,"column":2},"end":{"line":170,"column":null}},{"start":{},"end":{}}],"line":153},"28":{"loc":{"start":{"line":154,"column":4},"end":{"line":156,"column":null}},"type":"binary-expr","locations":[{"start":{"line":154,"column":4},"end":{"line":154,"column":null}},{"start":{"line":155,"column":4},"end":{"line":155,"column":null}},{"start":{"line":156,"column":5},"end":{"line":156,"column":30}},{"start":{"line":156,"column":30},"end":{"line":156,"column":54}},{"start":{"line":156,"column":54},"end":{"line":156,"column":null}}],"line":154},"29":{"loc":{"start":{"line":173,"column":2},"end":{"line":186,"column":null}},"type":"if","locations":[{"start":{"line":173,"column":2},"end":{"line":186,"column":null}},{"start":{},"end":{}}],"line":173},"30":{"loc":{"start":{"line":173,"column":6},"end":{"line":173,"column":54}},"type":"binary-expr","locations":[{"start":{"line":173,"column":6},"end":{"line":173,"column":31}},{"start":{"line":173,"column":31},"end":{"line":173,"column":54}}],"line":173},"31":{"loc":{"start":{"line":189,"column":2},"end":{"line":202,"column":null}},"type":"if","locations":[{"start":{"line":189,"column":2},"end":{"line":202,"column":null}},{"start":{},"end":{}}],"line":189},"32":{"loc":{"start":{"line":189,"column":6},"end":{"line":189,"column":60}},"type":"binary-expr","locations":[{"start":{"line":189,"column":6},"end":{"line":189,"column":30}},{"start":{"line":189,"column":30},"end":{"line":189,"column":60}}],"line":189},"33":{"loc":{"start":{"line":235,"column":4},"end":{"line":237,"column":null}},"type":"binary-expr","locations":[{"start":{"line":235,"column":4},"end":{"line":235,"column":null}},{"start":{"line":236,"column":4},"end":{"line":236,"column":null}},{"start":{"line":237,"column":4},"end":{"line":237,"column":null}}],"line":235},"34":{"loc":{"start":{"line":238,"column":2},"end":{"line":238,"column":null}},"type":"if","locations":[{"start":{"line":238,"column":2},"end":{"line":238,"column":null}},{"start":{},"end":{}}],"line":238},"35":{"loc":{"start":{"line":242,"column":4},"end":{"line":245,"column":null}},"type":"binary-expr","locations":[{"start":{"line":242,"column":4},"end":{"line":242,"column":null}},{"start":{"line":243,"column":4},"end":{"line":243,"column":null}},{"start":{"line":244,"column":4},"end":{"line":244,"column":null}},{"start":{"line":245,"column":4},"end":{"line":245,"column":null}}],"line":242},"36":{"loc":{"start":{"line":246,"column":2},"end":{"line":246,"column":null}},"type":"if","locations":[{"start":{"line":246,"column":2},"end":{"line":246,"column":null}},{"start":{},"end":{}}],"line":246},"37":{"loc":{"start":{"line":249,"column":2},"end":{"line":254,"column":null}},"type":"if","locations":[{"start":{"line":249,"column":2},"end":{"line":254,"column":null}},{"start":{"line":251,"column":9},"end":{"line":254,"column":null}}],"line":249},"38":{"loc":{"start":{"line":251,"column":9},"end":{"line":254,"column":null}},"type":"if","locations":[{"start":{"line":251,"column":9},"end":{"line":254,"column":null}},{"start":{},"end":{}}],"line":251},"39":{"loc":{"start":{"line":251,"column":13},"end":{"line":252,"column":71}},"type":"binary-expr","locations":[{"start":{"line":251,"column":13},"end":{"line":251,"column":null}},{"start":{"line":252,"column":13},"end":{"line":252,"column":71}}],"line":251},"40":{"loc":{"start":{"line":257,"column":2},"end":{"line":262,"column":null}},"type":"if","locations":[{"start":{"line":257,"column":2},"end":{"line":262,"column":null}},{"start":{"line":260,"column":9},"end":{"line":262,"column":null}}],"line":257},"41":{"loc":{"start":{"line":257,"column":6},"end":{"line":258,"column":51}},"type":"binary-expr","locations":[{"start":{"line":257,"column":6},"end":{"line":257,"column":null}},{"start":{"line":258,"column":6},"end":{"line":258,"column":51}}],"line":257},"42":{"loc":{"start":{"line":260,"column":9},"end":{"line":262,"column":null}},"type":"if","locations":[{"start":{"line":260,"column":9},"end":{"line":262,"column":null}},{"start":{},"end":{}}],"line":260},"43":{"loc":{"start":{"line":266,"column":4},"end":{"line":268,"column":null}},"type":"binary-expr","locations":[{"start":{"line":266,"column":4},"end":{"line":266,"column":null}},{"start":{"line":267,"column":4},"end":{"line":267,"column":null}},{"start":{"line":268,"column":4},"end":{"line":268,"column":null}}],"line":266},"44":{"loc":{"start":{"line":269,"column":2},"end":{"line":269,"column":null}},"type":"if","locations":[{"start":{"line":269,"column":2},"end":{"line":269,"column":null}},{"start":{},"end":{}}],"line":269},"45":{"loc":{"start":{"line":273,"column":4},"end":{"line":274,"column":null}},"type":"binary-expr","locations":[{"start":{"line":273,"column":4},"end":{"line":273,"column":null}},{"start":{"line":274,"column":4},"end":{"line":274,"column":null}}],"line":273},"46":{"loc":{"start":{"line":275,"column":2},"end":{"line":275,"column":null}},"type":"if","locations":[{"start":{"line":275,"column":2},"end":{"line":275,"column":null}},{"start":{},"end":{}}],"line":275},"47":{"loc":{"start":{"line":280,"column":2},"end":{"line":280,"column":null}},"type":"if","locations":[{"start":{"line":280,"column":2},"end":{"line":280,"column":null}},{"start":{},"end":{}}],"line":280},"48":{"loc":{"start":{"line":294,"column":18},"end":{"line":294,"column":null}},"type":"cond-expr","locations":[{"start":{"line":294,"column":57},"end":{"line":294,"column":82}},{"start":{"line":294,"column":82},"end":{"line":294,"column":null}}],"line":294},"49":{"loc":{"start":{"line":295,"column":26},"end":{"line":295,"column":null}},"type":"cond-expr","locations":[{"start":{"line":295,"column":73},"end":{"line":295,"column":106}},{"start":{"line":295,"column":106},"end":{"line":295,"column":null}}],"line":295},"50":{"loc":{"start":{"line":296,"column":21},"end":{"line":296,"column":null}},"type":"cond-expr","locations":[{"start":{"line":296,"column":63},"end":{"line":296,"column":91}},{"start":{"line":296,"column":91},"end":{"line":296,"column":null}}],"line":296},"51":{"loc":{"start":{"line":297,"column":13},"end":{"line":297,"column":null}},"type":"cond-expr","locations":[{"start":{"line":297,"column":47},"end":{"line":297,"column":67}},{"start":{"line":297,"column":67},"end":{"line":297,"column":null}}],"line":297},"52":{"loc":{"start":{"line":298,"column":19},"end":{"line":298,"column":null}},"type":"cond-expr","locations":[{"start":{"line":298,"column":59},"end":{"line":298,"column":85}},{"start":{"line":298,"column":85},"end":{"line":298,"column":null}}],"line":298},"53":{"loc":{"start":{"line":299,"column":25},"end":{"line":299,"column":null}},"type":"cond-expr","locations":[{"start":{"line":299,"column":71},"end":{"line":299,"column":103}},{"start":{"line":299,"column":103},"end":{"line":299,"column":null}}],"line":299},"54":{"loc":{"start":{"line":300,"column":19},"end":{"line":300,"column":null}},"type":"cond-expr","locations":[{"start":{"line":300,"column":59},"end":{"line":300,"column":85}},{"start":{"line":300,"column":85},"end":{"line":300,"column":null}}],"line":300},"55":{"loc":{"start":{"line":301,"column":22},"end":{"line":301,"column":null}},"type":"cond-expr","locations":[{"start":{"line":301,"column":65},"end":{"line":301,"column":94}},{"start":{"line":301,"column":94},"end":{"line":301,"column":null}}],"line":301},"56":{"loc":{"start":{"line":303,"column":24},"end":{"line":303,"column":null}},"type":"cond-expr","locations":[{"start":{"line":303,"column":69},"end":{"line":303,"column":100}},{"start":{"line":303,"column":100},"end":{"line":303,"column":null}}],"line":303},"57":{"loc":{"start":{"line":304,"column":18},"end":{"line":304,"column":null}},"type":"cond-expr","locations":[{"start":{"line":304,"column":57},"end":{"line":304,"column":82}},{"start":{"line":304,"column":82},"end":{"line":304,"column":null}}],"line":304},"58":{"loc":{"start":{"line":369,"column":2},"end":{"line":369,"column":null}},"type":"if","locations":[{"start":{"line":369,"column":2},"end":{"line":369,"column":null}},{"start":{},"end":{}}],"line":369},"59":{"loc":{"start":{"line":371,"column":2},"end":{"line":371,"column":null}},"type":"if","locations":[{"start":{"line":371,"column":2},"end":{"line":371,"column":null}},{"start":{},"end":{}}],"line":371},"60":{"loc":{"start":{"line":372,"column":2},"end":{"line":372,"column":null}},"type":"if","locations":[{"start":{"line":372,"column":2},"end":{"line":372,"column":null}},{"start":{},"end":{}}],"line":372},"61":{"loc":{"start":{"line":373,"column":2},"end":{"line":373,"column":null}},"type":"if","locations":[{"start":{"line":373,"column":2},"end":{"line":373,"column":null}},{"start":{},"end":{}}],"line":373},"62":{"loc":{"start":{"line":373,"column":6},"end":{"line":373,"column":86}},"type":"binary-expr","locations":[{"start":{"line":373,"column":6},"end":{"line":373,"column":29}},{"start":{"line":373,"column":29},"end":{"line":373,"column":55}},{"start":{"line":373,"column":55},"end":{"line":373,"column":86}}],"line":373},"63":{"loc":{"start":{"line":374,"column":2},"end":{"line":374,"column":null}},"type":"if","locations":[{"start":{"line":374,"column":2},"end":{"line":374,"column":null}},{"start":{},"end":{}}],"line":374},"64":{"loc":{"start":{"line":374,"column":6},"end":{"line":374,"column":58}},"type":"binary-expr","locations":[{"start":{"line":374,"column":6},"end":{"line":374,"column":35}},{"start":{"line":374,"column":35},"end":{"line":374,"column":58}}],"line":374},"65":{"loc":{"start":{"line":400,"column":2},"end":{"line":400,"column":null}},"type":"if","locations":[{"start":{"line":400,"column":2},"end":{"line":400,"column":null}},{"start":{},"end":{}}],"line":400},"66":{"loc":{"start":{"line":400,"column":6},"end":{"line":400,"column":49}},"type":"binary-expr","locations":[{"start":{"line":400,"column":6},"end":{"line":400,"column":28}},{"start":{"line":400,"column":28},"end":{"line":400,"column":49}}],"line":400},"67":{"loc":{"start":{"line":401,"column":2},"end":{"line":401,"column":null}},"type":"if","locations":[{"start":{"line":401,"column":2},"end":{"line":401,"column":null}},{"start":{},"end":{}}],"line":401},"68":{"loc":{"start":{"line":402,"column":2},"end":{"line":402,"column":null}},"type":"if","locations":[{"start":{"line":402,"column":2},"end":{"line":402,"column":null}},{"start":{},"end":{}}],"line":402},"69":{"loc":{"start":{"line":405,"column":2},"end":{"line":407,"column":null}},"type":"if","locations":[{"start":{"line":405,"column":2},"end":{"line":407,"column":null}},{"start":{},"end":{}}],"line":405},"70":{"loc":{"start":{"line":410,"column":9},"end":{"line":410,"column":null}},"type":"binary-expr","locations":[{"start":{"line":410,"column":9},"end":{"line":410,"column":27}},{"start":{"line":410,"column":27},"end":{"line":410,"column":null}}],"line":410},"71":{"loc":{"start":{"line":423,"column":2},"end":{"line":423,"column":null}},"type":"if","locations":[{"start":{"line":423,"column":2},"end":{"line":423,"column":null}},{"start":{},"end":{}}],"line":423},"72":{"loc":{"start":{"line":454,"column":2},"end":{"line":454,"column":null}},"type":"if","locations":[{"start":{"line":454,"column":2},"end":{"line":454,"column":null}},{"start":{},"end":{}}],"line":454},"73":{"loc":{"start":{"line":454,"column":6},"end":{"line":454,"column":50}},"type":"binary-expr","locations":[{"start":{"line":454,"column":6},"end":{"line":454,"column":28}},{"start":{"line":454,"column":28},"end":{"line":454,"column":50}}],"line":454},"74":{"loc":{"start":{"line":455,"column":2},"end":{"line":455,"column":null}},"type":"if","locations":[{"start":{"line":455,"column":2},"end":{"line":455,"column":null}},{"start":{},"end":{}}],"line":455},"75":{"loc":{"start":{"line":456,"column":2},"end":{"line":456,"column":null}},"type":"if","locations":[{"start":{"line":456,"column":2},"end":{"line":456,"column":null}},{"start":{},"end":{}}],"line":456},"76":{"loc":{"start":{"line":459,"column":2},"end":{"line":464,"column":null}},"type":"if","locations":[{"start":{"line":459,"column":2},"end":{"line":464,"column":null}},{"start":{},"end":{}}],"line":459},"77":{"loc":{"start":{"line":459,"column":6},"end":{"line":459,"column":70}},"type":"binary-expr","locations":[{"start":{"line":459,"column":6},"end":{"line":459,"column":37}},{"start":{"line":459,"column":37},"end":{"line":459,"column":70}}],"line":459},"78":{"loc":{"start":{"line":484,"column":9},"end":{"line":484,"column":null}},"type":"cond-expr","locations":[{"start":{"line":484,"column":17},"end":{"line":484,"column":49}},{"start":{"line":484,"column":49},"end":{"line":484,"column":null}}],"line":484},"79":{"loc":{"start":{"line":494,"column":2},"end":{"line":494,"column":null}},"type":"if","locations":[{"start":{"line":494,"column":2},"end":{"line":494,"column":null}},{"start":{},"end":{}}],"line":494},"80":{"loc":{"start":{"line":494,"column":6},"end":{"line":494,"column":36}},"type":"binary-expr","locations":[{"start":{"line":494,"column":6},"end":{"line":494,"column":16}},{"start":{"line":494,"column":16},"end":{"line":494,"column":36}}],"line":494},"81":{"loc":{"start":{"line":497,"column":2},"end":{"line":497,"column":null}},"type":"if","locations":[{"start":{"line":497,"column":2},"end":{"line":497,"column":null}},{"start":{},"end":{}}],"line":497},"82":{"loc":{"start":{"line":499,"column":2},"end":{"line":499,"column":null}},"type":"if","locations":[{"start":{"line":499,"column":2},"end":{"line":499,"column":null}},{"start":{},"end":{}}],"line":499},"83":{"loc":{"start":{"line":499,"column":6},"end":{"line":499,"column":47}},"type":"binary-expr","locations":[{"start":{"line":499,"column":6},"end":{"line":499,"column":28}},{"start":{"line":499,"column":28},"end":{"line":499,"column":47}}],"line":499},"84":{"loc":{"start":{"line":500,"column":2},"end":{"line":500,"column":null}},"type":"if","locations":[{"start":{"line":500,"column":2},"end":{"line":500,"column":null}},{"start":{},"end":{}}],"line":500},"85":{"loc":{"start":{"line":502,"column":2},"end":{"line":502,"column":null}},"type":"if","locations":[{"start":{"line":502,"column":2},"end":{"line":502,"column":null}},{"start":{},"end":{}}],"line":502},"86":{"loc":{"start":{"line":504,"column":2},"end":{"line":504,"column":null}},"type":"if","locations":[{"start":{"line":504,"column":2},"end":{"line":504,"column":null}},{"start":{},"end":{}}],"line":504},"87":{"loc":{"start":{"line":527,"column":4},"end":{"line":533,"column":null}},"type":"if","locations":[{"start":{"line":527,"column":4},"end":{"line":533,"column":null}},{"start":{},"end":{}}],"line":527},"88":{"loc":{"start":{"line":527,"column":8},"end":{"line":527,"column":27}},"type":"binary-expr","locations":[{"start":{"line":527,"column":8},"end":{"line":527,"column":17}},{"start":{"line":527,"column":17},"end":{"line":527,"column":27}}],"line":527},"89":{"loc":{"start":{"line":530,"column":6},"end":{"line":532,"column":null}},"type":"if","locations":[{"start":{"line":530,"column":6},"end":{"line":532,"column":null}},{"start":{},"end":{}}],"line":530},"90":{"loc":{"start":{"line":530,"column":10},"end":{"line":530,"column":66}},"type":"binary-expr","locations":[{"start":{"line":530,"column":10},"end":{"line":530,"column":30}},{"start":{"line":530,"column":30},"end":{"line":530,"column":66}}],"line":530}},"s":{"0":51,"1":51,"2":51,"3":51,"4":51,"5":51,"6":51,"7":51,"8":51,"9":51,"10":51,"11":51,"12":51,"13":51,"14":51,"15":51,"16":51,"17":51,"18":51,"19":51,"20":51,"21":51,"22":51,"23":51,"24":51,"25":13,"26":13,"27":13,"28":38,"29":2,"30":2,"31":2,"32":36,"33":9,"34":9,"35":9,"36":27,"37":27,"38":27,"39":41,"40":41,"41":41,"42":41,"43":11,"44":41,"45":41,"46":9,"47":41,"48":0,"49":41,"50":2,"51":41,"52":8,"53":33,"54":0,"55":41,"56":41,"57":9,"58":41,"59":41,"60":0,"61":41,"62":41,"63":1,"64":41,"65":33,"66":3,"67":52,"68":52,"69":28,"70":28,"71":5,"72":23,"73":4,"74":19,"75":15,"76":4,"77":4,"78":0,"79":0,"80":0,"81":3,"82":47,"83":47,"84":4,"85":43,"86":12,"87":31,"88":2,"89":29,"90":2,"91":27,"92":27,"93":21,"94":4,"95":17,"96":3,"97":3,"98":3,"99":26,"100":26,"101":0,"102":26,"103":7,"104":19,"105":0,"106":19,"107":19,"108":0,"109":3,"110":10,"111":10,"112":10,"113":1,"114":9,"115":9,"116":1,"117":8,"118":8,"119":1,"120":7,"121":2,"122":5,"123":5,"124":11,"125":0,"126":5,"127":5,"128":0,"129":5,"130":9,"131":9,"132":9,"133":21,"134":21,"135":4,"136":4,"137":4,"138":5},"f":{"0":51,"1":51,"2":51,"3":51,"4":41,"5":33,"6":52,"7":28,"8":47,"9":21,"10":26,"11":10,"12":10,"13":11,"14":9},"b":{"0":[40,11],"1":[9,42],"2":[10,41],"3":[3,48],"4":[0,51],"5":[2,49],"6":[40,11],"7":[9,31],"8":[6,45],"9":[0,45],"10":[8,43],"11":[14,29],"12":[10,41],"13":[1,9],"14":[2,49],"15":[0,49],"16":[19,32],"17":[21,11],"18":[7,14],"19":[2,49],"20":[8,41],"21":[12,29],"22":[6,45],"23":[0,45],"24":[10,41],"25":[9,32],"26":[27,5],"27":[13,38],"28":[51,40,22,14,13],"29":[2,36],"30":[38,2],"31":[9,27],"32":[36,27],"33":[41,32,32],"34":[11,30],"35":[41,39,33,32],"36":[9,32],"37":[0,41],"38":[2,39],"39":[41,41],"40":[8,33],"41":[41,33],"42":[0,33],"43":[41,36,33],"44":[9,32],"45":[41,0],"46":[0,41],"47":[1,40],"48":[20,13],"49":[6,27],"50":[6,27],"51":[1,32],"52":[2,31],"53":[0,33],"54":[1,32],"55":[0,33],"56":[16,17],"57":[2,31],"58":[5,23],"59":[4,19],"60":[15,4],"61":[4,0],"62":[4,4,4],"63":[0,0],"64":[0,0],"65":[4,43],"66":[47,44],"67":[12,31],"68":[2,29],"69":[2,27],"70":[27,27],"71":[4,17],"72":[0,26],"73":[26,26],"74":[7,19],"75":[0,19],"76":[19,0],"77":[19,9],"78":[4,6],"79":[1,9],"80":[10,9],"81":[1,8],"82":[1,7],"83":[8,7],"84":[2,5],"85":[0,5],"86":[0,5],"87":[4,17],"88":[21,4],"89":[4,0],"90":[4,4]},"meta":{"lastBranch":91,"lastFunction":15,"lastStatement":139,"seen":{"f:12:9:12:24":0,"s:14:8:14:Infinity":0,"b:14:41:14:46:14:46:14:52":0,"b:14:83:14:88:14:88:14:Infinity":1,"s:15:14:15:Infinity":1,"s:18:18:18:Infinity":2,"s:21:15:21:Infinity":3,"s:24:8:24:Infinity":4,"b:24:48:24:53:24:53:24:59":2,"b:24:86:24:90:24:90:24:Infinity":3,"s:25:20:25:Infinity":5,"s:28:8:28:Infinity":6,"b:28:52:28:56:28:56:28:62":4,"b:28:86:28:90:28:90:28:Infinity":5,"s:29:18:29:Infinity":7,"s:31:2:31:Infinity":8,"f:37:9:37:22":1,"s:38:33:38:Infinity":9,"s:40:2:47:Infinity":10,"b:45:8:45:Infinity:46:8:46:Infinity":6,"b:45:54:45:85:45:85:45:Infinity":7,"s:49:2:58:Infinity":11,"b:54:8:54:Infinity:55:8:57:Infinity":8,"b:56:10:56:Infinity:57:10:57:Infinity":9,"s:60:2:69:Infinity":12,"b:65:8:65:Infinity:66:8:68:Infinity":10,"b:67:10:67:Infinity:68:10:68:Infinity":11,"s:71:2:78:Infinity":13,"b:76:8:76:Infinity:77:8:77:Infinity":12,"b:76:51:76:74:76:74:76:Infinity":13,"s:80:2:89:Infinity":14,"b:85:8:85:Infinity:86:8:88:Infinity":14,"b:87:10:87:Infinity:88:10:88:Infinity":15,"s:91:2:91:Infinity":15,"f:99:9:99:22":2,"s:100:23:106:Infinity":16,"b:101:6:101:Infinity:102:6:106:Infinity":16,"b:103:8:105:Infinity:106:8:106:Infinity":17,"b:104:10:104:Infinity:105:10:105:Infinity":18,"s:108:20:114:Infinity":17,"b:109:6:109:Infinity:110:6:114:Infinity":19,"b:111:8:111:Infinity:112:8:114:Infinity":20,"b:113:10:113:Infinity:114:10:114:Infinity":21,"s:116:23:120:Infinity":18,"b:117:6:117:Infinity:118:6:120:Infinity":22,"b:119:8:119:Infinity:120:8:120:Infinity":23,"s:122:27:128:Infinity":19,"b:123:6:123:Infinity:124:6:128:Infinity":24,"b:125:8:125:Infinity:126:8:128:Infinity":25,"b:127:10:127:Infinity:128:10:128:Infinity":26,"s:130:2:137:Infinity":20,"f:147:16:147:26":3,"s:148:20:148:Infinity":21,"s:149:22:149:Infinity":22,"s:150:18:150:Infinity":23,"b:153:2:170:Infinity:undefined:undefined:undefined:undefined":27,"s:153:2:170:Infinity":24,"b:154:4:154:Infinity:155:4:155:Infinity:156:5:156:30:156:30:156:54:156:54:156:Infinity":28,"s:158:34:167:Infinity":25,"s:168:4:168:Infinity":26,"s:169:4:169:Infinity":27,"b:173:2:186:Infinity:undefined:undefined:undefined:undefined":29,"s:173:2:186:Infinity":28,"b:173:6:173:31:173:31:173:54":30,"s:174:34:183:Infinity":29,"s:184:4:184:Infinity":30,"s:185:4:185:Infinity":31,"b:189:2:202:Infinity:undefined:undefined:undefined:undefined":31,"s:189:2:202:Infinity":32,"b:189:6:189:30:189:30:189:60":32,"s:190:34:199:Infinity":33,"s:200:4:200:Infinity":34,"s:201:4:201:Infinity":35,"s:205:32:214:Infinity":36,"s:215:2:215:Infinity":37,"s:216:2:216:Infinity":38,"f:229:16:229:39":4,"s:230:21:230:Infinity":39,"s:231:36:231:Infinity":40,"s:235:4:237:Infinity":41,"b:235:4:235:Infinity:236:4:236:Infinity:237:4:237:Infinity":33,"b:238:2:238:Infinity:undefined:undefined:undefined:undefined":34,"s:238:2:238:Infinity":42,"s:238:19:238:Infinity":43,"s:242:4:245:Infinity":44,"b:242:4:242:Infinity:243:4:243:Infinity:244:4:244:Infinity:245:4:245:Infinity":35,"b:246:2:246:Infinity:undefined:undefined:undefined:undefined":36,"s:246:2:246:Infinity":45,"s:246:18:246:Infinity":46,"b:249:2:254:Infinity:251:9:254:Infinity":37,"s:249:2:254:Infinity":47,"s:250:4:250:Infinity":48,"b:251:9:254:Infinity:undefined:undefined:undefined:undefined":38,"s:251:9:254:Infinity":49,"b:251:13:251:Infinity:252:13:252:71":39,"s:253:4:253:Infinity":50,"b:257:2:262:Infinity:260:9:262:Infinity":40,"s:257:2:262:Infinity":51,"b:257:6:257:Infinity:258:6:258:51":41,"s:259:4:259:Infinity":52,"b:260:9:262:Infinity:undefined:undefined:undefined:undefined":42,"s:260:9:262:Infinity":53,"s:261:4:261:Infinity":54,"s:266:4:268:Infinity":55,"b:266:4:266:Infinity:267:4:267:Infinity:268:4:268:Infinity":43,"b:269:2:269:Infinity:undefined:undefined:undefined:undefined":44,"s:269:2:269:Infinity":56,"s:269:19:269:Infinity":57,"s:273:4:274:Infinity":58,"b:273:4:273:Infinity:274:4:274:Infinity":45,"b:275:2:275:Infinity:undefined:undefined:undefined:undefined":46,"s:275:2:275:Infinity":59,"s:275:19:275:Infinity":60,"s:279:4:279:Infinity":61,"b:280:2:280:Infinity:undefined:undefined:undefined:undefined":47,"s:280:2:280:Infinity":62,"s:280:17:280:Infinity":63,"s:282:2:282:Infinity":64,"f:289:16:289:Infinity":5,"s:293:2:305:Infinity":65,"b:294:57:294:82:294:82:294:Infinity":48,"b:295:73:295:106:295:106:295:Infinity":49,"b:296:63:296:91:296:91:296:Infinity":50,"b:297:47:297:67:297:67:297:Infinity":51,"b:298:59:298:85:298:85:298:Infinity":52,"b:299:71:299:103:299:103:299:Infinity":53,"b:300:59:300:85:300:85:300:Infinity":54,"b:301:65:301:94:301:94:301:Infinity":55,"b:303:69:303:100:303:100:303:Infinity":56,"b:304:57:304:82:304:82:304:Infinity":57,"s:311:39:321:Infinity":66,"f:326:16:326:31":6,"s:327:18:352:Infinity":67,"s:353:2:353:Infinity":68,"f:366:16:366:36":7,"s:368:22:368:Infinity":69,"b:369:2:369:Infinity:undefined:undefined:undefined:undefined":58,"s:369:2:369:Infinity":70,"s:369:42:369:Infinity":71,"b:371:2:371:Infinity:undefined:undefined:undefined:undefined":59,"s:371:2:371:Infinity":72,"s:371:29:371:Infinity":73,"b:372:2:372:Infinity:undefined:undefined:undefined:undefined":60,"s:372:2:372:Infinity":74,"s:372:35:372:Infinity":75,"b:373:2:373:Infinity:undefined:undefined:undefined:undefined":61,"s:373:2:373:Infinity":76,"b:373:6:373:29:373:29:373:55:373:55:373:86":62,"s:373:86:373:Infinity":77,"b:374:2:374:Infinity:undefined:undefined:undefined:undefined":63,"s:374:2:374:Infinity":78,"b:374:6:374:35:374:35:374:58":64,"s:374:58:374:Infinity":79,"s:375:2:375:Infinity":80,"s:381:32:381:Infinity":81,"f:398:16:398:37":8,"s:399:18:399:Infinity":82,"b:400:2:400:Infinity:undefined:undefined:undefined:undefined":65,"s:400:2:400:Infinity":83,"b:400:6:400:28:400:28:400:49":66,"s:400:49:400:Infinity":84,"b:401:2:401:Infinity:undefined:undefined:undefined:undefined":67,"s:401:2:401:Infinity":85,"s:401:45:401:Infinity":86,"b:402:2:402:Infinity:undefined:undefined:undefined:undefined":68,"s:402:2:402:Infinity":87,"s:402:29:402:Infinity":88,"b:405:2:407:Infinity:undefined:undefined:undefined:undefined":69,"s:405:2:407:Infinity":89,"s:406:4:406:Infinity":90,"s:409:20:409:Infinity":91,"s:410:2:410:Infinity":92,"b:410:9:410:27:410:27:410:Infinity":70,"f:422:16:422:47":9,"b:423:2:423:Infinity:undefined:undefined:undefined:undefined":71,"s:423:2:423:Infinity":93,"s:423:36:423:Infinity":94,"s:424:2:427:Infinity":95,"s:433:23:433:Infinity":96,"s:437:2:437:Infinity":97,"s:441:2:441:Infinity":98,"f:452:16:452:39":10,"s:453:18:453:Infinity":99,"b:454:2:454:Infinity:undefined:undefined:undefined:undefined":72,"s:454:2:454:Infinity":100,"b:454:6:454:28:454:28:454:50":73,"s:454:50:454:Infinity":101,"b:455:2:455:Infinity:undefined:undefined:undefined:undefined":74,"s:455:2:455:Infinity":102,"s:455:36:455:Infinity":103,"b:456:2:456:Infinity:undefined:undefined:undefined:undefined":75,"s:456:2:456:Infinity":104,"s:456:29:456:Infinity":105,"b:459:2:464:Infinity:undefined:undefined:undefined:undefined":76,"s:459:2:464:Infinity":106,"b:459:6:459:37:459:37:459:70":77,"s:460:4:463:Infinity":107,"s:466:2:466:Infinity":108,"s:473:20:473:Infinity":109,"f:482:16:482:29":11,"s:483:16:483:Infinity":110,"s:484:2:484:Infinity":111,"b:484:17:484:49:484:49:484:Infinity":78,"f:493:16:493:29":12,"b:494:2:494:Infinity:undefined:undefined:undefined:undefined":79,"s:494:2:494:Infinity":112,"b:494:6:494:16:494:16:494:36":80,"s:494:36:494:Infinity":113,"s:496:16:496:Infinity":114,"b:497:2:497:Infinity:undefined:undefined:undefined:undefined":81,"s:497:2:497:Infinity":115,"s:497:26:497:Infinity":116,"s:498:26:498:Infinity":117,"b:499:2:499:Infinity:undefined:undefined:undefined:undefined":82,"s:499:2:499:Infinity":118,"b:499:6:499:28:499:28:499:47":83,"s:499:47:499:Infinity":119,"b:500:2:500:Infinity:undefined:undefined:undefined:undefined":84,"s:500:2:500:Infinity":120,"s:500:29:500:Infinity":121,"s:501:22:501:Infinity":122,"b:502:2:502:Infinity:undefined:undefined:undefined:undefined":85,"s:502:2:502:Infinity":123,"f:502:18:502:23":13,"s:502:28:502:42":124,"s:502:45:502:Infinity":125,"s:503:14:503:Infinity":126,"b:504:2:504:Infinity:undefined:undefined:undefined:undefined":86,"s:504:2:504:Infinity":127,"s:504:22:504:Infinity":128,"s:505:2:505:Infinity":129,"f:516:16:516:36":14,"s:517:21:517:Infinity":130,"s:519:19:523:Infinity":131,"s:525:2:534:Infinity":132,"s:526:18:526:Infinity":133,"b:527:4:533:Infinity:undefined:undefined:undefined:undefined":87,"s:527:4:533:Infinity":134,"b:527:8:527:17:527:17:527:27":88,"s:528:19:528:Infinity":135,"b:530:6:532:Infinity:undefined:undefined:undefined:undefined":89,"s:530:6:532:Infinity":136,"b:530:10:530:30:530:30:530:66":90,"s:531:8:531:Infinity":137,"s:535:2:535:Infinity":138},"fnNames":{}}}
,"C:\\TQ ChatBot Task\\src\\lib\\supabase.ts": {"path":"C:\\TQ ChatBot Task\\src\\lib\\supabase.ts","statementMap":{"0":{"start":{"line":9,"column":20},"end":{"line":9,"column":null}},"1":{"start":{"line":10,"column":24},"end":{"line":10,"column":null}},"2":{"start":{"line":15,"column":13},"end":{"line":15,"column":null}},"3":{"start":{"line":277,"column":24},"end":{"line":277,"column":null}},"4":{"start":{"line":282,"column":4},"end":{"line":284,"column":null}},"5":{"start":{"line":283,"column":6},"end":{"line":283,"column":null}},"6":{"start":{"line":285,"column":4},"end":{"line":285,"column":null}},"7":{"start":{"line":290,"column":4},"end":{"line":294,"column":null}},"8":{"start":{"line":291,"column":6},"end":{"line":291,"column":null}},"9":{"start":{"line":292,"column":6},"end":{"line":292,"column":null}},"10":{"start":{"line":293,"column":6},"end":{"line":293,"column":null}},"11":{"start":{"line":296,"column":4},"end":{"line":310,"column":null}},"12":{"start":{"line":298,"column":24},"end":{"line":298,"column":null}},"13":{"start":{"line":299,"column":6},"end":{"line":303,"column":null}},"14":{"start":{"line":300,"column":8},"end":{"line":300,"column":null}},"15":{"start":{"line":301,"column":8},"end":{"line":301,"column":null}},"16":{"start":{"line":302,"column":8},"end":{"line":302,"column":null}},"17":{"start":{"line":304,"column":6},"end":{"line":304,"column":null}},"18":{"start":{"line":305,"column":6},"end":{"line":305,"column":null}},"19":{"start":{"line":307,"column":6},"end":{"line":307,"column":null}},"20":{"start":{"line":308,"column":6},"end":{"line":308,"column":null}},"21":{"start":{"line":309,"column":6},"end":{"line":309,"column":null}},"22":{"start":{"line":314,"column":4},"end":{"line":314,"column":null}},"23":{"start":{"line":318,"column":4},"end":{"line":318,"column":null}},"24":{"start":{"line":323,"column":31},"end":{"line":323,"column":null}}},"fnMap":{"0":{"name":"constructor","decl":{"start":{"line":279,"column":2},"end":{"line":279,"column":10}},"loc":{"start":{"line":279,"column":24},"end":{"line":279,"column":null}},"line":279},"1":{"name":"getInstance","decl":{"start":{"line":281,"column":16},"end":{"line":281,"column":47}},"loc":{"start":{"line":281,"column":47},"end":{"line":286,"column":null}},"line":281},"2":{"name":"initialize","decl":{"start":{"line":288,"column":15},"end":{"line":288,"column":46}},"loc":{"start":{"line":288,"column":46},"end":{"line":311,"column":null}},"line":288},"3
[...]
ine":421,"column":null}},"type":"if","locations":[{"start":{"line":421,"column":4},"end":{"line":421,"column":null}},{"start":{},"end":{}}],"line":421},"33":{"loc":{"start":{"line":422,"column":4},"end":{"line":422,"column":null}},"type":"if","locations":[{"start":{"line":422,"column":4},"end":{"line":422,"column":null}},{"start":{},"end":{}}],"line":422},"34":{"loc":{"start":{"line":422,"column":95},"end":{"line":422,"column":223}},"type":"cond-expr","locations":[{"start":{"line":422,"column":120},"end":{"line":422,"column":213}},{"start":{"line":422,"column":213},"end":{"line":422,"column":223}}],"line":422},"35":{"loc":{"start":{"line":423,"column":4},"end":{"line":423,"column":null}},"type":"if","locations":[{"start":{"line":423,"column":4},"end":{"line":423,"column":null}},{"start":{},"end":{}}],"line":423},"36":{"loc":{"start":{"line":423,"column":92},"end":{"line":423,"column":210}},"type":"cond-expr","locations":[{"start":{"line":423,"column":114},"end":{"line":423,"column":200}},{"start":{"line":423,"column":200},"end":{"line":423,"column":210}}],"line":423},"37":{"loc":{"start":{"line":428,"column":19},"end":{"line":430,"column":null}},"type":"cond-expr","locations":[{"start":{"line":428,"column":44},"end":{"line":428,"column":58}},{"start":{"line":428,"column":58},"end":{"line":430,"column":null}}],"line":428},"38":{"loc":{"start":{"line":440,"column":4},"end":{"line":452,"column":null}},"type":"if","locations":[{"start":{"line":440,"column":4},"end":{"line":452,"column":null}},{"start":{},"end":{}}],"line":440},"39":{"loc":{"start":{"line":448,"column":6},"end":{"line":451,"column":null}},"type":"if","locations":[{"start":{"line":448,"column":6},"end":{"line":451,"column":null}},{"start":{},"end":{}}],"line":448}},"s":{"0":2,"1":2,"2":1,"3":1,"4":1,"5":0,"6":0,"7":0,"8":0,"9":2,"10":2,"11":2,"12":2,"13":1,"14":2,"15":2,"16":2,"17":2,"18":2,"19":1,"20":1,"21":1,"22":1,"23":1,"24":1,"25":0,"26":0,"27":0,"28":0,"29":0,"30":0,"31":0,"32":0,"33":0,"34":1,"35":1,"36":1,"37":1,"38":1,"39":1,"40":0,"41":1,"42":0,"43":0,"44":0,"45":0,"46":0,"47":0,"48":0,"49":0,"50":0,"51":0,"52":0,"53":0,"54":0,"55":0,"56":0,"57":0,"58":0,"59":0,"60":0,"61":0,"62":0,"63":0,"64":0,"65":0,"66":0,"67":0,"68":0,"69":0,"70":0,"71":0,"72":0,"73":0,"74":0,"75":0,"76":0,"77":0,"78":0,"79":0,"80":0,"81":0,"82":0,"83":2,"84":2,"85":1,"86":2,"87":2,"88":1,"89":1,"90":1,"91":1,"92":1,"93":1,"94":1,"95":2,"96":2,"97":2,"98":2,"99":1,"100":2,"101":2,"102":2,"103":2,"104":2,"105":2,"106":2,"107":2,"108":0,"109":1,"110":1,"111":1,"112":0,"113":1,"114":1,"115":1,"116":1,"117":1,"118":2,"119":0,"120":0,"121":0,"122":2,"123":0,"124":2},"f":{"0":1,"1":0,"2":0,"3":2,"4":2,"5":1,"6":2,"7":2,"8":1,"9":0,"10":0,"11":0,"12":0,"13":0,"14":0,"15":0,"16":0,"17":0,"18":0,"19":0,"20":2,"21":2,"22":1,"23":2,"24":0},"b":{"0":[0,0],"1":[2,0],"2":[1],"3":[1,0],"4":[1,0,0],"5":[0,1],"6":[0,0],"7":[0,0],"8":[0,1],"9":[0,0],"10":[0,0],"11":[0,0,0,0],"12":[0,0],"13":[0,0],"14":[0,0],"15":[0,0],"16":[2,0],"17":[2,0],"18":[1,1],"19":[2,1],"20":[1,1],"21":[2,0],"22":[1,0],"23":[2,1],"24":[2,0],"25":[2,1],"26":[2,1],"27":[2,1],"28":[0,2],"29":[0,0],"30":[1,0],"31":[0,1],"32":[0,1],"33":[0,1],"34":[0,0],"35":[0,1],"36":[0,0],"37":[1,0],"38":[0,2],"39":[0,0]},"meta":{"lastBranch":40,"lastFunction":25,"lastStatement":125,"seen":{"s:19:37:19:Infinity":0,"s:20:34:20:Infinity":1,"f:22:8:22:19":0,"s:23:26:28:Infinity":2,"s:29:4:29:Infinity":3,"s:30:4:30:Infinity":4,"f:33:8:33:16":1,"s:34:4:34:Infinity":5,"b:34:11:34:37:34:37:34:Infinity":0,"f:37:8:37:19":2,"s:38:4:38:Infinity":6,"s:39:4:39:Infinity":7,"s:40:4:40:Infinity":8,"f:43:8:43:20":3,"s:44:37:48:Infinity":9,"s:49:4:49:Infinity":10,"s:50:4:50:Infinity":11,"f:53:8:53:25":4,"s:54:4:54:Infinity":12,"f:54:43:54:50":5,"s:54:58:54:85":13,"f:63:2:63:10":6,"s:64:4:64:Infinity":14,"s:65:4:65:Infinity":15,"f:68:16:68:43":7,"b:69:4:71:Infinity:undefined:undefined:undefined:undefined":1,"s:69:4:71:Infinity":16,"s:70:6:70:Infinity":17,"s:72:4:72:Infinity":18,"f:80:15:80:Infinity":8,"b:83:40:83:Infinity":2,"s:86:10:86:Infinity":19,"s:89:8:89:Infinity":20,"b:92:4:94:Infinity:undefined:undefined:undefined:undefined":3,"s:92:4:94:Infinity":21,"b:92:8:92:29:92:29:92:49:92:49:92:68":4,"s:93:6:93:Infinity":22,"s:97:10:97:Infinity":23,"b:100:4:140:Infinity:undefined:undefined:undefined:undefined":5,"s:100:4:140:Infinity":24,"s:101:25:110:Infinity":25,"b:112:6:138:Infinity:undefined:undefined:undefined:undefined":6,"s:112:6:138:Infinity":26,"s:113:21:113:Infinity":27,"s:116:8:122:Infinity":28,"s:123:8:129:Infinity":29,"s:132:24:132:Infinity":30,"b:133:8:135:Infinity:undefined:undefined:undefined:undefined":7,"s:133:8:135:Infinity":31,"s:134:10:134:Infinity":32,"s:137:8:137:Infinity":33,"s:143:65:153:Infinity":34,"s:155:20:155:Infinity":35,"s:157:4:163:Infinity":36,"s:165:4:171:Infinity":37,"s:173:20:173:Infinity":38,"b:174:4:176:Infinity:undefined:undefined:undefined:undefined":8,"s:174:4:176:Infinity":39,"s:175:6:175:Infinity":40,"s:178:4:178:Infinity":41,"f:184:15:184:Infinity":9,"s:188:17:188:Infinity":42,"b:189:4:191:Infinity:undefined:undefined:undefined:undefined":9,"s:189:4:191:Infinity":43,"s:190:6:190:Infinity":44,"s:193:10:193:Infinity":45,"s:194:10:194:Infinity":46,"s:196:30:202:Infinity":47,"s:204:4:204:Infinity":48,"f:210:15:210:25":10,"s:211:29:211:Infinity":49,"s:213:4:219:Infinity":50,"b:221:4:223:Infinity:undefined:undefined:undefined:undefined":10,"s:221:4:223:Infinity":51,"s:222:6:222:Infinity":52,"b:226:6:228:Infinity:229:6:231:Infinity:232:6:234:Infinity:235:6:237:Infinity":11,"s:225:4:238:Infinity":53,"s:227:8:227:Infinity":54,"s:228:8:228:Infinity":55,"s:230:8:230:Infinity":56,"s:231:8:231:Infinity":57,"s:233:8:233:Infinity":58,"s:234:8:234:Infinity":59,"s:236:8:236:Infinity":60,"s:237:8:237:Infinity":61,"f:241:16:241:28":11,"b:242:4:251:Infinity:undefined:undefined:undefined:undefined":12,"s:242:4:251:Infinity":62,"s:243:6:249:Infinity":63,"s:250:6:250:Infinity":64,"s:253:4:259:Infinity":65,"s:261:4:265:Infinity":66,"f:268:16:268:36":12,"s:269:4:275:Infinity":67,"f:278:16:278:39":13,"s:279:4:285:Infinity":68,"f:288:16:288:35":14,"b:289:4:298:Infinity:undefined:undefined:undefined:undefined":13,"s:289:4:298:Infinity":69,"s:290:6:296:Infinity":70,"s:297:6:297:Infinity":71,"f:301:16:301:43":15,"s:302:4:308:Infinity":72,"f:311:15:311:35":16,"s:312:4:318:Infinity":73,"f:321:15:321:Infinity":17,"s:327:17:327:Infinity":74,"b:328:4:330:Infinity:undefined:undefined:undefined:undefined":14,"s:328:4:330:Infinity":75,"s:329:6:329:Infinity":76,"s:332:4:338:Infinity":77,"f:351:15:351:Infinity":18,"s:356:17:356:Infinity":78,"b:357:4:359:Infinity:undefined:undefined:undefined:undefined":15,"s:357:4:359:Infinity":79,"s:358:6:358:Infinity":80,"s:361:4:367:Infinity":81,"f:370:15:370:23":19,"s:371:4:371:Infinity":82,"f:374:15:374:32":20,"s:375:4:375:Infinity":83,"f:383:2:383:9":21,"s:389:18:390:Infinity":84,"b:389:29:389:64:389:64:389:66":16,"f:390:7:390:15":22,"s:390:27:390:51":85,"s:391:20:391:Infinity":86,"b:391:20:391:76:391:76:391:Infinity":17,"b:393:4:393:Infinity:undefined:undefined:undefined:undefined":18,"s:393:4:393:Infinity":87,"b:393:8:393:30:393:30:393:51":19,"s:393:51:393:Infinity":88,"s:395:47:395:Infinity":89,"s:396:4:398:Infinity":90,"s:397:6:397:Infinity":91,"b:397:32:397:58:397:58:397:63":20,"s:400:27:400:Infinity":92,"s:401:30:401:Infinity":93,"s:402:4:408:Infinity":94,"s:403:6:403:Infinity":95,"b:404:6:406:Infinity:undefined:undefined:undefined:undefined":21,"s:404:6:406:Infinity":96,"s:405:8:405:Infinity":97,"s:407:6:407:Infinity":98,"s:410:19:410:Infinity":99,"b:410:19:410:42:410:42:410:Infinity":22,"s:411:20:411:Infinity":100,"b:411:20:411:67:411:67:411:Infinity":23,"s:412:22:412:Infinity":101,"b:412:22:412:68:412:68:412:Infinity":24,"s:413:31:413:Infinity":102,"b:413:31:413:80:413:80:413:Infinity":25,"s:414:28:414:Infinity":103,"b:414:28:414:79:414:79:414:Infinity":26,"s:415:27:415:Infinity":104,"b:415:27:415:77:415:77:415:Infinity":27,"s:417:79:417:Infinity":105,"s:418:4:418:Infinity":106,"b:419:4:419:Infinity:undefined:undefined:undefined:undefined":28,"s:419:4:419:Infinity":107,"s:419:21:419:Infinity":108,"b:419:92:419:153:419:153:419:163":29,"b:420:4:420:Infinity:undefined:undefined:undefined:undefined":30,"s:420:4:420:Infinity":109,"s:420:23:420:Infinity":110,"b:420:99:420:164:420:164:420:174":31,"b:421:4:421:Infinity:undefined:undefined:undefined:undefined":32,"s:421:4:421:Infinity":111,"s:421:32:421:Infinity":112,"b:422:4:422:Infinity:undefined:undefined:undefined:undefined":33,"s:422:4:422:Infinity":113,"s:422:29:422:Infinity":114,"b:422:120:422:213:422:213:422:223":34,"b:423:4:423:Infinity:undefined:undefined:undefined:undefined":35,"s:423:4:423:Infinity":115,"s:423:28:423:Infinity":116,"b:423:114:423:200:423:200:423:210":36,"s:425:4:432:Infinity":117,"b:428:44:428:58:428:58:430:Infinity":37,"f:439:15:439:27":23,"b:440:4:452:Infinity:undefined:undefined:undefined:undefined":38,"s:440:4:452:Infinity":118,"s:441:24:447:Infinity":119,"b:448:6:451:Infinity:undefined:undefined:undefined:undefined":39,"s:448:6:451:Infinity":120,"s:450:8:450:Infinity":121,"s:453:4:453:Infinity":122,"f:457:2:457:9":24,"s:458:4:458:Infinity":123,"s:463:27:463:Infinity":124},"fnNames":{}}}
,"C:\\TQ ChatBot Task\\src\\services\\messageService.ts": {"path":"C:\\TQ ChatBot Task\\src\\services\\messageService.ts","statementMap":{"0":{"start":{"line":14,"column":47},"end":{"line":14,"column":null}},"1":{"start":{"line":15,"column":49},"end":{"line":15,"column":null}},"2":{"start":{"line":18,"column":33},"end":{"line":25,"column":null}},"3":{"start":{"line":26,"column":4},"end":{"line":26,"column":null}},"4":{"start":{"line":27,"column":4},"end":{"line":27,"column":null}},"5":{"start":{"line":31,"column":4},"end":{"line":31,"column":null}},"6":{"start":{"line":35,"column":4},"end":{"line":35,"column":null}},"7":{"start":{"line":36,"column":4},"end":{"line":36,"column":null}},"8":{"start":{"line":37,"column":4},"end":{"line":37,"column":null}},"9":{"start":{"line":41,"column":37},"end":{"line":45,"column":null}},"10":{"start":{"line":47,"column":4},"end":{"line":49,"column":null}},"11":{"start":{"line":48,"column":6},"end":{"line":48,"column":null}},"12":{"start":{"line":50,"column":4},"end":{"line":50,"column":null}},"13":{"start":{"line":51,"column":4},"end":{"line":51,"column":null}},"14":{"start":{"line":55,"column":4},"end":{"line":55,"column":null}},"15":{"start":{"line":59,"column":4},"end":{"line":59,"column":null}},"16":{"start":{"line":70,"column":4},"end":{"line":70,"column":null}},"17":{"start":{"line":73,"column":4},"end":{"line":73,"column":null}},"18":{"start":{"line":77,"column":4},"end":{"line":79,"column":null}},"19":{"start":{"line":78,"column":6},"end":{"line":78,"column":null}},"20":{"start":{"line":80,"column":4},"end":{"line":80,"column":null}},"21":{"start":{"line":88,"column":4},"end":{"line":97,"column":null}},"22":{"start":{"line":89,"column":26},"end":{"line":89,"column":null}},"23":{"start":{"line":90,"column":6},"end":{"line":94,"column":null}},"24":{"start":{"line":92,"column":8},"end":{"line":92,"column":null}},"25":{"start":{"line":93,"column":8},"end":{"line":93,"column":null}},"26":{"start":{"line":96,"column":6},"end":{"line":96,"column":null}},"27":{"start":{"line":98,"column":4},"end":{"line":98,"column":null}},"28":{"start":{"line":102,"column":4},"end":{"line":102,"column":null}},"29":{"start":{"line":106,"column":4},"end":{"line":106,"column":null}},"30":{"start":{"line":115,"column":4},"end":{"line":137,"column":null}},"31":{"start":{"line":117,"column":22},"end":{"line":117,"column":null}},"32":{"start":{"line":118,"column":23},"end":{"line":118,"column":null}},"33":{"start":{"line":120,"column":25},"end":{"line":125,"column":null}},"34":{"start":{"line":127,"column":6},"end":{"line":135,"column":null}},"35":{"start":{"line":128,"column":8},"end":{"line":131,"column":null}},"36":{"start":{"line":130,"column":10},"end":{"line":130,"column":null}},"37":{"start":{"line":133,"column":8},"end":{"line":133,"column":null}},"38":{"start":{"line":134,"column":8},"end":{"line":134,"column":null}},"39":{"start":{"line":138,"column":4},"end":{"line":138,"column":null}},"40":{"start":{"line":142,"column":4},"end":{"line":142,"column":null}},"41":{"start":{"line":146,"column":4},"end":{"line":146,"column":null}},"42":{"start":{"line":151,"column":4},"end":{"line":151,"column":null}},"43":{"start":{"line":156,"column":30},"end":{"line":156,"column":null}}},"fnMap":{"0":{"name":"createSession","decl":{"start":{"line":17,"column":8},"end":{"line":17,"column":22}},"loc":{"start":{"line":17,"column":69},"end":{"line":28,"column":null}},"line":17},"1":{"name":"getSession","decl":{"start":{"line":30,"column":8},"end":{"line":30,"column":19}},"loc":{"start":{"line":30,"column":67},"end":{"line":32,"column":null}},"line":30},"2":{"name":"updateSession","decl":{"start":{"line":34,"column":8},"end":{"line":34,"column":22}},"loc":{"start":{"line":34,"column":66},"end":{"line":38,"column":null}},"line":34},"3":{"name":"createMessage","decl":{"start":{"line":40,"column":8},"end":{"line":40,"column":22}},"loc":{"start":{"line":40,"column":92},"end":{"line":52,"column":null}},"line":40},"4":{"name":"getMessages","decl":{"start":{"line":54,"column":8},"end":{"line":54,"column":20}},"loc":{"start":{"line":54,"column":63},"end":{"line":56,"column":null}},"line":54},"5":{"name":"getSessionMessages","decl":{"start":{"line":58,"column":8},"end":{"line":58,"column":27}},"loc":{"start":{"line":58,"column":70},"end":{"line":60,"column":null}},"line":58},"6":{"name":"constructor","decl":{"start":{"line":69,"column":2},"end":{"line":69,"column":10}},"loc":{"start":{"line":69,"column":24},"end":{"line":74,"column":null}},"line":69},"7":{"name":"getInstance","decl":{"start":{"line":76,"column":16},"end":{"line":76,"column":46}},"loc":{"start":{"line":76,"column":46},"end":{"line":81,"column":null}},"line":76},"8":{"name":"createSession_2","decl":{"start":{"line":87,"column":15},"end":{"line":87,"column":29}},"loc":{"start":{"line":87,"column":76},"end":{"line":99,"column":null}},"line":87},"9":{"name":"getSession_2","decl":{"start":{"line":101,"column":15},"end":{"line":101,"column":26}},"loc":{"start":{"line":101,"column":74},"end":{"line":103,"column":null}},"line":101},"10":{"name":"updateSession_2","decl":{"start":{"line":105,"column":15},"end":{"line":105,"column":29}},"loc":{"start":{"line":105,"column":73},"end":{"line":107,"column":null}},"line":105},"11":{"name":"createMessage_2","decl":{"start":{"line":114,"column":15},"end":{"line":114,"column":29}},"loc":{"start":{"line":114,"column":99},"end":{"line":139,"column":null}},"line":114},"12":{"name":"getMessages_2","decl":{"start":{"line":141,"column":15},"end":{"line":141,"column":27}},"loc":{"start":{"line":141,"column":70},"end":{"line":143,"column":null}},"line":141},"13":{"name":"getSessionMessages_2","decl":{"start":{"line":145,"column":15},"end":{"line":145,"column":34}},"loc":{"start":{"line":145,"column":77},"end":{"line":147,"column":null}},"line":145},"14":{"name":"reinitializeStorage","decl":{"start":{"line":150,"column":2},"end":{"line":150,"column":9}},"loc":{"start":{"line":150,"column":37},"end":{"line":152,"column":null}},"line":150}},"branchMap":{"0":{"loc":{"start":{"line":31,"column":11},"end":{"line":31,"column":null}},"type":"binary-expr","locations":[{"start":{"line":31,"column":11},"end":{"line":31,"column":43}},{"start":{"line":31,"column":43},"end":{"line":31,"column":null}}],"line":31},"1":{"loc":{"start":{"line":47,"column":4},"end":{"line":49,"column":null}},"type":"if","locations":[{"start":{"line":47,"column":4},"end":{"line":49,"column":null}},{"start":{},"end":{}}],"line":47},"2":{"loc":{"start":{"line":55,"column":11},"end":{"line":55,"column":null}},"type":"binary-expr","locations":[{"start":{"line":55,"column":11},"end":{"line":55,"column":43}},{"start":{"line":55,"column":43},"end":{"line":55,"column":null}}],"line":55},"3":{"loc":{"start":{"line":77,"column":4},"end":{"line":79,"column":null}},"type":"if","locations":[{"start":{"line":77,"column":4},"end":{"line":79,"column":null}},{"start":{},"end":{}}],"line":77},"4":{"loc":{"start":{"line":88,"column":4},"end":{"line":97,"column":null}},"type":"if","locations":[{"start":{"line":88,"column":4},"end":{"line":97,"column":null}},{"start":{},"end":{}}],"line":88},"5":{"loc":{"start":{"line":90,"column":6},"end":{"line":94,"column":null}},"type":"if","locations":[{"start":{"line":90,"column":6},"end":{"line":94,"column":null}},{"start":{},"end":{}}],"line":90},"6":{"loc":{"start":{"line":115,"column":4},"end":{"line":137,"column":null}},"type":"if","locations":[{"start":{"line":115,"column":4},"end":{"line":137,"column":null}},{"start":{},"end":{}}],"line":115},"7":{"loc":{"start":{"line":118,"column":23},"end":{"line":118,"column":null}},"type":"binary-expr","locations":[{"start":{"line":118,"column":23},"end":{"line":118,"column":45}},{"start":{"line":118,"column":45},"end":{"line":118,"column":null}}],"line":118},"8":{"loc":{"start":{"line":127,"column":6},"end":{"line":135,"column":null}},"type":"if","locations":[{"start":{"line":127,"column":6},"end":{"line":135,"column":null}},{"start":{},"end":{}}],"line":127},"9":{"loc":{"start":{"line":128,"column":8},"end":{"line":131,"column":null}},"type":"if","locations":[{"start":{"line":128,"column":8},"end":{"line":131,"column":null}},{"start":{},"end":{}}],"line":128}},"s":{"0":2,"1":2,"2":1,"3":1,"4":1,"5":1,"6":0,"7":0,"8":0,"9":3,"10":3,"11":1,"12":3,"13":3,"14":0,"15":0,"16":2,"17":2,"18":2,"19":2,"20":2,"21":1,"22":0,"23":0,"24":0,"25":0,"26":0,"27":1,"28":1,"29":0,"30":3,"31":0,"32":0,"33":0,"34":0,"35":0,"36":0,"37":0,"38":0,"39":3,"40":0,"41":0,"42":0,"43":2},"f":{"0":1,"1":1,"2":0,"3":3,"4":0,"5":0,"6":2,"7":2,"8":1,"9":1,"10":0,"11":3,"12":0,"13":0,"14":0},"b":{"0":[1,1],"1":[1,2],"2":[0,0],"3":[2,0],"4":[0,1],"5":[0,0],"6":[0,3],"7":[0,0],"8":[0,0],"9":[0,0]},"meta":{"lastBranch":10,"lastFunction":15,"lastStatement":44,"seen":{"s:14:47:14:Infinity":0,"s:15:49:15:Infinity":1,"f:17:8:17:22":0,"s:18:33:25:Infinity":2,"s:26:4:26:Infinity":3,"s:27:4:27:Infinity":4,"f:30:8:30:19":1,"s:31:4:31:Infinity":5,"b:31:11:31:43:31:43:31:Infinity":0,"f:34:8:34:22":2,"s:35:4:35:Infinity":6,"s:36:4:36:Infinity":7,"s:37:4:37:Infinity":8,"f:40:8:40:22":3,"s:41:37:45:Infinity":9,"b:47:4:49:Infinity:undefined:undefined:undefined:undefined":1,"s:47:4:49:Infinity":10,"s:48:6:48:Infinity":11,"s:50:4:50:Infinity":12,"s:51:4:51:Infinity":13,"f:54:8:54:20":4,"s:55:4:55:Infinity":14,"b:55:11:55:43:55:43:55:Infinity":2,"f:58:8:58:27":5,"s:59:4:59:Infinity":15,"f:69:2:69:10":6,"s:70:4:70:Infinity":16,"s:73:4:73:Infinity":17,"f:76:16:76:46":7,"b:77:4:79:Infinity:undefined:undefined:undefined:undefined":3,"s:77:4:79:Infinity":18,"s:78:6:78:Infinity":19,"s:80:4:80:Infinity":20,"f:87:15:87:29":8,"b:88:4:97:Infinity:undefined:undefined:undefined:undefined":4,"s:88:4:97:Infinity":21,"s:89:26:89:Infinity":22,"b:90:6:94:Infinity:undefined:undefined:undefined:undefined":5,"s:90:6:94:Infinity":23,"s:92:8:92:Infinity":24,"s:93:8:93:Infinity":25,"s:96:6:96:Infinity":26,"s:98:4:98:Infinity":27,"f:101:15:101:26":9,"s:102:4:102:Infinity":28,"f:105:15:105:29":10,"s:106:4:106:Infinity":29,"f:114:15:114:29":11,"b:115:4:137:Infinity:undefined:undefined:undefined:undefined":6,"s:115:4:137:Infinity":30,"s:117:22:117:Infinity":31,"s:118:23:118:Infinity":32,"b:118:23:118:45:118:45:118:Infinity":7,"s:120:25:125:Infinity":33,"b:127:6:135:Infinity:undefined:undefined:undefined:undefined":8,"s:127:6:135:Infinity":34,"b:128:8:131:Infinity:undefined:undefined:undefined:undefined":9,"s:128:8:131:Infinity":35,"s:130:10:130:Infinity":36,"s:133:8:133:Infinity":37,"s:134:8:134:Infinity":38,"s:138:4:138:Infinity":39,"f:141:15:141:27":12,"s:142:4:142:Infinity":40,"f:145:15:145:34":13,"s:146:4:146:Infinity":41,"f:150:2:150:9":14,"s:151:4:151:Infinity":42,"s:156:30:156:Infinity":43},"fnNames":{}}}
}
